info: ::1 - - [30/Jan/2023:19:12:21 +0000] "POST /api/v1//UserRegistration HTTP/1.1" 404 47 "-" "PostmanRuntime/7.30.0"

info: ::1 - - [30/Jan/2023:19:12:30 +0000] "POST /api/v1/UserRegistration HTTP/1.1" 404 47 "-" "PostmanRuntime/7.30.0"

info: ::1 - - [30/Jan/2023:19:12:39 +0000] "POST /api/v1/user/UserRegistration HTTP/1.1" 404 47 "-" "PostmanRuntime/7.30.0"

info: ::1 - - [30/Jan/2023:19:13:21 +0000] "GET /api/v1/users/getall HTTP/1.1" 200 1474 "-" "PostmanRuntime/7.30.0"

info: ::1 - - [30/Jan/2023:19:16:34 +0000] "POST /api/v1/users/UserRegistration HTTP/1.1" 200 65 "-" "PostmanRuntime/7.30.0"

info: ::1 - - [30/Jan/2023:19:16:58 +0000] "POST /api/v1/users/Userlogin HTTP/1.1" 200 206 "-" "PostmanRuntime/7.30.0"

info: ::1 - - [30/Jan/2023:19:35:08 +0000] "POST /api/v1/notes/create HTTP/1.1" 500 56 "-" "PostmanRuntime/7.30.0"

info: ::1 - - [30/Jan/2023:19:35:29 +0000] "POST /api/v1/notes/create HTTP/1.1" 200 234 "-" "PostmanRuntime/7.30.0"

info: ::1 - - [30/Jan/2023:19:36:31 +0000] "GET /api/v1/notes/63d81c01b257724b6024e35f HTTP/1.1" 202 234 "-" "PostmanRuntime/7.30.0"

info: ::1 - - [30/Jan/2023:19:37:36 +0000] "PUT /api/v1/notes/63d81c01b257724b6024e35f HTTP/1.1" 202 239 "-" "PostmanRuntime/7.30.0"

info: ::1 - - [31/Jan/2023:10:47:16 +0000] "POST /api/v1/notes HTTP/1.1" 200 267 "-" "PostmanRuntime/7.30.0"

info: ::1 - - [31/Jan/2023:10:58:40 +0000] "GET /api/v1/notes/getall HTTP/1.1" 500 55 "-" "PostmanRuntime/7.30.0"

info: ::1 - - [31/Jan/2023:10:59:57 +0000] "GET /api/v1/notes/getall HTTP/1.1" 500 56 "-" "PostmanRuntime/7.30.0"

info: ::1 - - [31/Jan/2023:11:02:50 +0000] "POST /api/v1/notes HTTP/1.1" 200 267 "-" "PostmanRuntime/7.30.0"

info: ::1 - - [31/Jan/2023:11:03:20 +0000] "GET /api/v1/notes/12223@mail.com HTTP/1.1" 500 56 "-" "PostmanRuntime/7.30.0"

info: ::1 - - [31/Jan/2023:11:13:41 +0000] "GET /api/v1/notes/12223@mail.com HTTP/1.1" 500 56 "-" "PostmanRuntime/7.30.0"

info: ::1 - - [31/Jan/2023:11:15:16 +0000] "GET /api/v1/notes/12223@mail.com HTTP/1.1" 202 246 "-" "PostmanRuntime/7.30.0"

info: ::1 - - [31/Jan/2023:11:15:51 +0000] "GET /api/v1/notes/12223@mail.com HTTP/1.1" 202 246 "-" "PostmanRuntime/7.30.0"

info: ::1 - - [31/Jan/2023:11:16:40 +0000] "POST /api/v1/notes/ HTTP/1.1" 200 270 "-" "PostmanRuntime/7.30.0"

info: ::1 - - [31/Jan/2023:11:17:18 +0000] "GET /api/v1/notes/12223@mail.com HTTP/1.1" 202 246 "-" "PostmanRuntime/7.30.0"

info: ::1 - - [31/Jan/2023:11:24:04 +0000] "GET /api/v1/notes/12223@mail.com HTTP/1.1" 200 246 "-" "PostmanRuntime/7.30.0"

info: ::1 - - [31/Jan/2023:11:28:57 +0000] "GET /api/v1/notes/12223@mail.com HTTP/1.1" 200 246 "-" "PostmanRuntime/7.30.0"

info: ::1 - - [31/Jan/2023:11:49:56 +0000] "GET /api/v1/notes/12223@mail.com HTTP/1.1" 200 246 "-" "PostmanRuntime/7.30.0"

info: ::1 - - [31/Jan/2023:11:53:26 +0000] "GET /api/v1/notes/12223@mail.com HTTP/1.1" 200 246 "-" "PostmanRuntime/7.30.0"

info: ::1 - - [31/Jan/2023:11:56:18 +0000] "GET /api/v1/notes/12223@mail.com HTTP/1.1" 200 244 "-" "PostmanRuntime/7.30.0"

info: ::1 - - [31/Jan/2023:11:57:50 +0000] "GET /api/v1/notes/12223@mail.com HTTP/1.1" 200 272 "-" "PostmanRuntime/7.30.0"

