info: ::1 - - [31/Jan/2023:18:40:31 +0000] "GET /api/v1/notes/ HTTP/1.1" 202 62 "-" "PostmanRuntime/7.30.0"

info: ::1 - - [31/Jan/2023:18:41:20 +0000] "GET /api/v1/notes/ HTTP/1.1" 202 62 "-" "PostmanRuntime/7.30.0"

info: ::1 - - [31/Jan/2023:18:42:42 +0000] "GET /api/v1/notes/ HTTP/1.1" 202 62 "-" "PostmanRuntime/7.30.0"

info: ::1 - - [31/Jan/2023:18:42:45 +0000] "GET /api/v1/notes/ HTTP/1.1" 202 62 "-" "PostmanRuntime/7.30.0"

info: ::1 - - [31/Jan/2023:18:43:52 +0000] "GET /api/v1/notes/ HTTP/1.1" 202 62 "-" "PostmanRuntime/7.30.0"

info: ::1 - - [31/Jan/2023:18:43:54 +0000] "GET /api/v1/notes/ HTTP/1.1" 202 62 "-" "PostmanRuntime/7.30.0"

info: ::1 - - [31/Jan/2023:18:44:49 +0000] "GET /api/v1/notes/ HTTP/1.1" 202 62 "-" "PostmanRuntime/7.30.0"

info: ::1 - - [31/Jan/2023:18:44:51 +0000] "GET /api/v1/notes/ HTTP/1.1" 202 62 "-" "PostmanRuntime/7.30.0"

info: ::1 - - [31/Jan/2023:18:44:53 +0000] "GET /api/v1/notes/ HTTP/1.1" 202 62 "-" "PostmanRuntime/7.30.0"

info: ::1 - - [31/Jan/2023:18:45:31 +0000] "GET /api/v1/notes/ HTTP/1.1" 202 62 "-" "PostmanRuntime/7.30.0"

info: ::1 - - [31/Jan/2023:18:47:20 +0000] "GET /api/v1/notes/ HTTP/1.1" 202 62 "-" "PostmanRuntime/7.30.0"

info: ::1 - - [31/Jan/2023:18:47:21 +0000] "GET /api/v1/notes/ HTTP/1.1" 202 62 "-" "PostmanRuntime/7.30.0"

info: ::1 - - [31/Jan/2023:18:48:23 +0000] "GET /api/v1/notes/ HTTP/1.1" 200 244 "-" "PostmanRuntime/7.30.0"

info: ::1 - - [31/Jan/2023:18:49:31 +0000] "GET /api/v1/notes/ HTTP/1.1" 200 246 "-" "PostmanRuntime/7.30.0"

info: ::1 - - [31/Jan/2023:18:52:02 +0000] "GET /api/v1/notes/ HTTP/1.1" 200 246 "-" "PostmanRuntime/7.30.0"

info: ::1 - - [31/Jan/2023:19:24:11 +0000] "GET /api/v1/notes/ HTTP/1.1" 200 246 "-" "PostmanRuntime/7.30.0"

info: ::1 - - [31/Jan/2023:19:34:45 +0000] "GET /api/v1/notes/ HTTP/1.1" 500 89 "-" "PostmanRuntime/7.30.0"

info: ::1 - - [31/Jan/2023:19:37:34 +0000] "GET /api/v1/notes/ HTTP/1.1" 200 697 "-" "PostmanRuntime/7.30.0"

info: ::1 - - [31/Jan/2023:19:48:51 +0000] "PUT /api/v1/notes/12223@mail.com/isArchive HTTP/1.1" 500 186 "-" "PostmanRuntime/7.30.0"

info: ::1 - - [31/Jan/2023:19:50:18 +0000] "PUT /api/v1/notes/12223@mail.com/isArchive HTTP/1.1" 500 56 "-" "PostmanRuntime/7.30.0"

info: ::1 - - [31/Jan/2023:19:50:23 +0000] "PUT /api/v1/notes/12223@mail.com/isArchive HTTP/1.1" 500 56 "-" "PostmanRuntime/7.30.0"

info: ::1 - - [31/Jan/2023:19:53:28 +0000] "PUT /api/v1/notes/12223@mail.com/isArchive HTTP/1.1" 500 56 "-" "PostmanRuntime/7.30.0"

info: ::1 - - [31/Jan/2023:19:53:30 +0000] "PUT /api/v1/notes/12223@mail.com/isArchive HTTP/1.1" 500 56 "-" "PostmanRuntime/7.30.0"

info: ::1 - - [31/Jan/2023:19:53:31 +0000] "PUT /api/v1/notes/12223@mail.com/isArchive HTTP/1.1" 500 56 "-" "PostmanRuntime/7.30.0"

info: ::1 - - [31/Jan/2023:20:06:22 +0000] "PUT /api/v1/notes/12223@mail.com/Archive HTTP/1.1" 500 186 "-" "PostmanRuntime/7.30.0"

info: ::1 - - [31/Jan/2023:20:07:21 +0000] "PUT /api/v1/notes/12223@mail.com/Archive HTTP/1.1" 500 277 "-" "PostmanRuntime/7.30.0"

info: ::1 - - [31/Jan/2023:20:07:47 +0000] "GET /api/v1/notes HTTP/1.1" 200 697 "-" "PostmanRuntime/7.30.0"

info: ::1 - - [31/Jan/2023:20:08:39 +0000] "PUT /api/v1/notes/63d8f898bc23236288244e9f/Archive HTTP/1.1" 202 271 "-" "PostmanRuntime/7.30.0"

info: ::1 - - [31/Jan/2023:20:14:02 +0000] "PUT /api/v1/notes/63d8f898bc23236288244e9f/Archive HTTP/1.1" 202 287 "-" "PostmanRuntime/7.30.0"

info: ::1 - - [31/Jan/2023:20:14:35 +0000] "PUT /api/v1/notes/63d8f898bc23236288244e9f/Archive HTTP/1.1" 202 271 "-" "PostmanRuntime/7.30.0"

info: ::1 - - [31/Jan/2023:20:20:49 +0000] "PUT /api/v1/notes/63d8f898bc23236288244e9f/Archive HTTP/1.1" 202 287 "-" "PostmanRuntime/7.30.0"

info: ::1 - - [31/Jan/2023:20:21:35 +0000] "PUT /api/v1/notes/63d8f898bc23236288244e9f/Archive HTTP/1.1" 202 287 "-" "PostmanRuntime/7.30.0"

info: ::1 - - [31/Jan/2023:20:21:38 +0000] "PUT /api/v1/notes/63d8f898bc23236288244e9f/Archive HTTP/1.1" 202 287 "-" "PostmanRuntime/7.30.0"

info: ::1 - - [31/Jan/2023:20:22:25 +0000] "PUT /api/v1/notes/63d8f898bc23236288244e9f/Archive HTTP/1.1" 202 287 "-" "PostmanRuntime/7.30.0"

info: ::1 - - [31/Jan/2023:20:22:28 +0000] "PUT /api/v1/notes/63d8f898bc23236288244e9f/Archive HTTP/1.1" 202 287 "-" "PostmanRuntime/7.30.0"

info: ::1 - - [31/Jan/2023:20:40:10 +0000] "PUT /api/v1/notes/63d8f898bc23236288244e9f/Archive HTTP/1.1" 202 287 "-" "PostmanRuntime/7.30.0"

info: ::1 - - [31/Jan/2023:22:04:28 +0000] "PUT /api/v1/notes/router.put('/archive/63d8f898bc23236288244e9f HTTP/1.1" 404 47 "-" "PostmanRuntime/7.30.0"

info: ::1 - - [31/Jan/2023:22:04:44 +0000] "PUT /api/v1/notes/archive/63d8f898bc23236288244e9f HTTP/1.1" 202 263 "-" "PostmanRuntime/7.30.0"

info: ::1 - - [31/Jan/2023:22:05:39 +0000] "PUT /api/v1/notes/archive/recover/63d8f898bc23236288244e9f HTTP/1.1" 202 262 "-" "PostmanRuntime/7.30.0"

info: ::1 - - [31/Jan/2023:22:06:50 +0000] "PUT /api/v1/notes/trash/63d8f898bc23236288244e9f HTTP/1.1" 202 263 "-" "PostmanRuntime/7.30.0"

info: ::1 - - [31/Jan/2023:22:07:39 +0000] "PUT /api/v1/notes/trash/recover/63d8f898bc23236288244e9f HTTP/1.1" 202 276 "-" "PostmanRuntime/7.30.0"

info: ::1 - - [31/Jan/2023:22:12:09 +0000] "GET /api/v1/notes/ HTTP/1.1" 200 759 "-" "PostmanRuntime/7.30.0"

info: ::1 - - [01/Feb/2023:03:48:27 +0000] "GET /api/v1/notes/ HTTP/1.1" 200 759 "-" "PostmanRuntime/7.30.0"

info: ::1 - - [01/Feb/2023:04:00:29 +0000] "PUT /api/v1/notes/archive/63d8f898bc23236288244e9f HTTP/1.1" 202 277 "-" "PostmanRuntime/7.30.0"

info: ::1 - - [01/Feb/2023:04:01:12 +0000] "GET /api/v1/notes/ HTTP/1.1" 200 786 "-" "PostmanRuntime/7.30.0"

info: ::1 - - [01/Feb/2023:04:02:34 +0000] "GET /api/v1/notes/ HTTP/1.1" 200 739 "-" "PostmanRuntime/7.30.0"

info: ::1 - - [01/Feb/2023:04:04:01 +0000] "GET /api/v1/notes/ HTTP/1.1" 200 739 "-" "PostmanRuntime/7.30.0"

info: ::1 - - [01/Feb/2023:04:05:19 +0000] "PUT /api/v1/notes/trash/63d8f898bc23236288244e9f HTTP/1.1" 202 276 "-" "PostmanRuntime/7.30.0"

info: ::1 - - [01/Feb/2023:04:05:39 +0000] "GET /api/v1/notes/ HTTP/1.1" 200 738 "-" "PostmanRuntime/7.30.0"

info: ::1 - - [01/Feb/2023:04:07:50 +0000] "GET /api/v1/notes/ HTTP/1.1" 200 65 "-" "PostmanRuntime/7.30.0"

info: ::1 - - [01/Feb/2023:04:10:49 +0000] "GET /api/v1/notes/ HTTP/1.1" 200 65 "-" "PostmanRuntime/7.30.0"

info: ::1 - - [01/Feb/2023:04:12:07 +0000] "GET /api/v1/notes/ HTTP/1.1" 500 54 "-" "PostmanRuntime/7.30.0"

info: ::1 - - [01/Feb/2023:04:12:41 +0000] "GET /api/v1/notes/ HTTP/1.1" 200 65 "-" "PostmanRuntime/7.30.0"

info: ::1 - - [01/Feb/2023:04:16:02 +0000] "GET /api/v1/notes/ HTTP/1.1" 200 65 "-" "PostmanRuntime/7.30.0"

info: ::1 - - [01/Feb/2023:04:16:04 +0000] "GET /api/v1/notes/ HTTP/1.1" 200 65 "-" "PostmanRuntime/7.30.0"

info: ::1 - - [01/Feb/2023:04:16:07 +0000] "GET /api/v1/notes/ HTTP/1.1" 200 65 "-" "PostmanRuntime/7.30.0"

info: ::1 - - [01/Feb/2023:04:17:59 +0000] "GET /api/v1/notes/ HTTP/1.1" 200 65 "-" "PostmanRuntime/7.30.0"

info: ::1 - - [01/Feb/2023:04:18:12 +0000] "GET /api/v1/notes/ HTTP/1.1" 200 65 "-" "PostmanRuntime/7.30.0"

info: ::1 - - [01/Feb/2023:04:21:34 +0000] "GET /api/v1/notes/ HTTP/1.1" 500 55 "-" "PostmanRuntime/7.30.0"

info: ::1 - - [01/Feb/2023:04:22:19 +0000] "GET /api/v1/notes/ HTTP/1.1" 200 65 "-" "PostmanRuntime/7.30.0"

info: ::1 - - [01/Feb/2023:04:23:01 +0000] "GET /api/v1/notes/ HTTP/1.1" 200 738 "-" "PostmanRuntime/7.30.0"

info: ::1 - - [01/Feb/2023:04:26:14 +0000] "GET /api/v1/notes/ HTTP/1.1" 200 738 "-" "PostmanRuntime/7.30.0"

info: ::1 - - [01/Feb/2023:04:30:15 +0000] "GET /api/v1/notes/ HTTP/1.1" 200 738 "-" "PostmanRuntime/7.30.0"

info: ::1 - - [01/Feb/2023:04:32:23 +0000] "GET /api/v1/notes/ HTTP/1.1" 200 738 "-" "PostmanRuntime/7.30.0"

info: ::1 - - [01/Feb/2023:04:34:20 +0000] "GET /api/v1/notes/ HTTP/1.1" 200 65 "-" "PostmanRuntime/7.30.0"

info: ::1 - - [01/Feb/2023:04:37:46 +0000] "POST /api/v1/users/UserRegistration HTTP/1.1" 200 65 "-" "PostmanRuntime/7.30.0"

info: ::1 - - [01/Feb/2023:04:38:44 +0000] "POST /api/v1/users//Userlogin HTTP/1.1" 200 208 "-" "PostmanRuntime/7.30.0"

info: ::1 - - [01/Feb/2023:04:40:53 +0000] "POST /api/v1/notes HTTP/1.1" 500 56 "-" "PostmanRuntime/7.30.0"

info: ::1 - - [01/Feb/2023:04:41:04 +0000] "POST /api/v1/notes HTTP/1.1" 201 345 "-" "PostmanRuntime/7.30.0"

info: ::1 - - [01/Feb/2023:04:41:24 +0000] "POST /api/v1/notes HTTP/1.1" 201 342 "-" "PostmanRuntime/7.30.0"

info: ::1 - - [01/Feb/2023:04:41:38 +0000] "POST /api/v1/notes HTTP/1.1" 201 345 "-" "PostmanRuntime/7.30.0"

info: ::1 - - [01/Feb/2023:04:41:49 +0000] "GET /api/v1/notes/ HTTP/1.1" 200 925 "-" "PostmanRuntime/7.30.0"

info: ::1 - - [01/Feb/2023:04:42:56 +0000] "PUT /api/v1/notes/trash/63d9ed5f148b6656000eb695 HTTP/1.1" 202 322 "-" "PostmanRuntime/7.30.0"

info: ::1 - - [01/Feb/2023:04:43:47 +0000] "GET /api/v1/notes/ HTTP/1.1" 200 637 "-" "PostmanRuntime/7.30.0"

info: ::1 - - [01/Feb/2023:04:45:58 +0000] "PUT /api/v1/notes/trash/63d9ed5f148b6656000eb695 HTTP/1.1" 202 321 "-" "PostmanRuntime/7.30.0"

info: ::1 - - [01/Feb/2023:05:12:22 +0000] "GET /api/v1/notes/ HTTP/1.1" 200 637 "-" "PostmanRuntime/7.30.0"

info: ::1 - - [01/Feb/2023:05:12:46 +0000] "PUT /api/v1/notes/trash/63d9ed74148b6656000eb697 HTTP/1.1" 202 319 "-" "PostmanRuntime/7.30.0"

info: ::1 - - [01/Feb/2023:05:26:16 +0000] "PUT /api/v1/notes/trash/63d9ed74148b6656000eb697 HTTP/1.1" 202 318 "-" "PostmanRuntime/7.30.0"

info: ::1 - - [01/Feb/2023:09:24:11 +0000] "GET /api/v1/notes/ HTTP/1.1" 200 352 "-" "PostmanRuntime/7.30.0"

info: ::1 - - [01/Feb/2023:09:25:28 +0000] "PUT /api/v1/notes/trash/63d9ed82148b6656000eb699 HTTP/1.1" 202 321 "-" "PostmanRuntime/7.30.0"

info: ::1 - - [01/Feb/2023:09:25:44 +0000] "GET /api/v1/notes/ HTTP/1.1" 200 65 "-" "PostmanRuntime/7.30.0"

info: ::1 - - [01/Feb/2023:10:52:32 +0000] "GET /api/v1/notes/ HTTP/1.1" 200 65 "-" "PostmanRuntime/7.30.0"

info: ::1 - - [01/Feb/2023:10:54:59 +0000] "POST /api/v1/notes/ HTTP/1.1" 201 281 "-" "PostmanRuntime/7.30.0"

info: ::1 - - [01/Feb/2023:10:55:36 +0000] "POST /api/v1/notes/ HTTP/1.1" 201 286 "-" "PostmanRuntime/7.30.0"

info: ::1 - - [01/Feb/2023:10:56:11 +0000] "POST /api/v1/notes/ HTTP/1.1" 201 283 "-" "PostmanRuntime/7.30.0"

info: ::1 - - [01/Feb/2023:10:56:42 +0000] "POST /api/v1/notes/ HTTP/1.1" 201 282 "-" "PostmanRuntime/7.30.0"

info: ::1 - - [01/Feb/2023:10:57:13 +0000] "POST /api/v1/notes/ HTTP/1.1" 201 279 "-" "PostmanRuntime/7.30.0"

info: ::1 - - [01/Feb/2023:10:57:19 +0000] "GET /api/v1/notes/ HTTP/1.1" 200 1190 "-" "PostmanRuntime/7.30.0"

info: ::1 - - [01/Feb/2023:11:07:20 +0000] "GET /api/v1/notes HTTP/1.1" 200 1190 "-" "PostmanRuntime/7.30.0"

