info: ::1 - - [03/Feb/2023:02:54:21 +0000] "POST /api/v1/users//UserRegistration HTTP/1.1" 500 53 "-" "PostmanRuntime/7.30.1"

info: ::1 - - [03/Feb/2023:02:56:47 +0000] "POST /api/v1/users//UserRegistration HTTP/1.1" 200 65 "-" "PostmanRuntime/7.30.1"

info: ::1 - - [03/Feb/2023:02:57:17 +0000] "POST /api/v1/users//Userlogin HTTP/1.1" 200 220 "-" "PostmanRuntime/7.30.1"

info: ::1 - - [03/Feb/2023:02:58:21 +0000] "POST /api/v1/users/forgetPassword HTTP/1.1" 200 58 "-" "PostmanRuntime/7.30.1"

info: ::1 - - [03/Feb/2023:03:02:15 +0000] "POST /api/v1/users/forgetPassword HTTP/1.1" 200 58 "-" "PostmanRuntime/7.30.1"

info: ::1 - - [03/Feb/2023:03:04:24 +0000] "POST /api/v1/users/forgetPassword HTTP/1.1" 200 58 "-" "PostmanRuntime/7.30.1"

info: ::1 - - [03/Feb/2023:03:06:23 +0000] "POST /api/v1/users/forgetPassword HTTP/1.1" 200 58 "-" "PostmanRuntime/7.30.1"

info: ::1 - - [03/Feb/2023:03:08:47 +0000] "POST /api/v1/users/forgetPassword HTTP/1.1" 200 58 "-" "PostmanRuntime/7.30.1"

info: ::1 - - [03/Feb/2023:03:14:02 +0000] "POST /api/v1/users/UserRegistration HTTP/1.1" 200 65 "-" "PostmanRuntime/7.30.1"

info: ::1 - - [03/Feb/2023:03:14:26 +0000] "POST /api/v1/users/forgetPassword HTTP/1.1" 200 58 "-" "PostmanRuntime/7.30.1"

info: ::1 - - [03/Feb/2023:03:17:15 +0000] "POST /api/v1/users/forgetPassword HTTP/1.1" 200 58 "-" "PostmanRuntime/7.30.1"

info: ::1 - - [03/Feb/2023:03:20:52 +0000] "POST /api/v1/users/forgetPassword HTTP/1.1" 200 58 "-" "PostmanRuntime/7.30.1"

info: ::1 - - [03/Feb/2023:03:24:16 +0000] "POST /api/v1/users/forgetPassword HTTP/1.1" 200 58 "-" "PostmanRuntime/7.30.1"

info: ::1 - - [03/Feb/2023:03:25:32 +0000] "POST /api/v1/users/forgetPassword HTTP/1.1" 200 58 "-" "PostmanRuntime/7.30.1"

info: ::1 - - [03/Feb/2023:03:27:55 +0000] "POST /api/v1/users/forgetPassword HTTP/1.1" 200 58 "-" "PostmanRuntime/7.30.1"

info: ::1 - - [03/Feb/2023:03:31:02 +0000] "POST /api/v1/users/forgetPassword HTTP/1.1" 200 58 "-" "PostmanRuntime/7.30.1"

info: ::1 - - [03/Feb/2023:03:31:57 +0000] "POST /api/v1/users/forgetPassword HTTP/1.1" 200 58 "-" "PostmanRuntime/7.30.1"

info: ::1 - - [03/Feb/2023:03:43:44 +0000] "POST /api/v1/users/forgetPassword HTTP/1.1" 200 58 "-" "PostmanRuntime/7.30.1"

info: ::1 - - [03/Feb/2023:03:45:45 +0000] "POST /api/v1/users/forgetPassword HTTP/1.1" 200 58 "-" "PostmanRuntime/7.30.1"

info: ::1 - - [03/Feb/2023:03:46:40 +0000] "POST /api/v1/users/forgetPassword HTTP/1.1" 200 58 "-" "PostmanRuntime/7.30.1"

info: ::1 - - [03/Feb/2023:03:47:34 +0000] "POST /api/v1/users/forgetPassword HTTP/1.1" 200 58 "-" "PostmanRuntime/7.30.1"

info: ::1 - - [03/Feb/2023:03:49:14 +0000] "POST /api/v1/users/forgetPassword HTTP/1.1" 200 58 "-" "PostmanRuntime/7.30.1"

info: ::1 - - [03/Feb/2023:03:52:22 +0000] "POST /api/v1/users/forgetPassword HTTP/1.1" 200 58 "-" "PostmanRuntime/7.30.1"

info: ::1 - - [03/Feb/2023:03:53:25 +0000] "POST /api/v1/users/forgetPassword HTTP/1.1" 200 59 "-" "PostmanRuntime/7.30.1"

info: ::1 - - [03/Feb/2023:03:54:49 +0000] "POST /api/v1/users/forgetPassword HTTP/1.1" 200 59 "-" "PostmanRuntime/7.30.1"

info: ::1 - - [03/Feb/2023:03:58:37 +0000] "POST /api/v1/users/forgetPassword HTTP/1.1" 200 48 "-" "PostmanRuntime/7.30.1"

info: ::1 - - [03/Feb/2023:09:03:46 +0000] "POST /api/v1/users/ HTTP/1.1" 200 65 "-" "PostmanRuntime/7.30.1"

info: ::1 - - [03/Feb/2023:09:07:52 +0000] "POST /api/v1/users/forgetPassword HTTP/1.1" 200 48 "-" "PostmanRuntime/7.30.1"

info: ::1 - - [03/Feb/2023:09:09:24 +0000] "POST /api/v1/users/forgetPassword HTTP/1.1" 200 48 "-" "PostmanRuntime/7.30.1"

info: ::1 - - [03/Feb/2023:09:13:38 +0000] "POST /api/v1/users/forgetPassword HTTP/1.1" 200 48 "-" "PostmanRuntime/7.30.1"

info: ::1 - - [03/Feb/2023:09:15:22 +0000] "POST /api/v1/users/forgetPassword HTTP/1.1" 404 40 "-" "PostmanRuntime/7.30.1"

info: ::1 - - [03/Feb/2023:09:15:26 +0000] "POST /api/v1/users/forgetPassword HTTP/1.1" 404 40 "-" "PostmanRuntime/7.30.1"

info: ::1 - - [03/Feb/2023:09:15:45 +0000] "POST /api/v1/users/forgetPassword HTTP/1.1" 404 40 "-" "PostmanRuntime/7.30.1"

info: ::1 - - [03/Feb/2023:09:18:41 +0000] "POST /api/v1/users/forgetPassword HTTP/1.1" 404 40 "-" "PostmanRuntime/7.30.1"

info: ::1 - - [03/Feb/2023:09:20:03 +0000] "POST /api/v1/users/forgetPassword HTTP/1.1" 404 40 "-" "PostmanRuntime/7.30.1"

info: ::1 - - [03/Feb/2023:09:21:36 +0000] "POST /api/v1/users/Userlogin HTTP/1.1" 200 234 "-" "PostmanRuntime/7.30.1"

info: ::1 - - [03/Feb/2023:09:22:16 +0000] "POST /api/v1/users/forgetPassword HTTP/1.1" 404 40 "-" "PostmanRuntime/7.30.1"

info: ::1 - - [03/Feb/2023:09:25:24 +0000] "POST /api/v1/users/forgetPassword HTTP/1.1" 404 40 "-" "PostmanRuntime/7.30.1"

info: ::1 - - [03/Feb/2023:09:25:50 +0000] "POST /api/v1/users/forgetPassword HTTP/1.1" 404 40 "-" "PostmanRuntime/7.30.1"

info: ::1 - - [03/Feb/2023:09:26:07 +0000] "POST /api/v1/users/forgetPassword HTTP/1.1" 404 40 "-" "PostmanRuntime/7.30.1"

info: ::1 - - [03/Feb/2023:09:37:14 +0000] "POST /api/v1/users/forgetPassword HTTP/1.1" 200 58 "-" "PostmanRuntime/7.30.1"

info: ::1 - - [03/Feb/2023:09:39:40 +0000] "POST /api/v1/users/forgetPassword HTTP/1.1" 200 58 "-" "PostmanRuntime/7.30.1"

info: ::1 - - [03/Feb/2023:09:42:56 +0000] "POST /api/v1/users/forgetPassword HTTP/1.1" 200 58 "-" "PostmanRuntime/7.30.1"

info: ::1 - - [03/Feb/2023:09:51:32 +0000] "POST /api/v1/users/forgetPassword HTTP/1.1" 200 58 "-" "PostmanRuntime/7.30.1"

info: ::1 - - [03/Feb/2023:09:52:54 +0000] "POST /api/v1/users/forgetPassword HTTP/1.1" 200 58 "-" "PostmanRuntime/7.30.1"

info: ::1 - - [03/Feb/2023:10:02:37 +0000] "POST /api/v1/users/forgetPassword HTTP/1.1" 200 58 "-" "PostmanRuntime/7.30.1"

info: ::1 - - [03/Feb/2023:10:12:36 +0000] "POST /api/v1/users/forgetPassword HTTP/1.1" 200 58 "-" "PostmanRuntime/7.30.1"

info: ::1 - - [03/Feb/2023:10:19:52 +0000] "POST /api/v1/users/forgetPassword HTTP/1.1" 200 58 "-" "PostmanRuntime/7.30.1"

info: ::1 - - [03/Feb/2023:10:21:12 +0000] "POST /api/v1/users/forgetPassword HTTP/1.1" 200 58 "-" "PostmanRuntime/7.30.1"

info: ::1 - - [03/Feb/2023:10:23:01 +0000] "POST /api/v1/users/forgetPassword HTTP/1.1" 200 58 "-" "PostmanRuntime/7.30.1"

info: ::1 - - [03/Feb/2023:10:25:30 +0000] "POST /api/v1/users/forgetPassword HTTP/1.1" 200 58 "-" "PostmanRuntime/7.30.1"

info: ::1 - - [03/Feb/2023:10:35:54 +0000] "POST /api/v1/users/forgetPassword HTTP/1.1" 200 58 "-" "PostmanRuntime/7.30.1"

info: ::1 - - [03/Feb/2023:10:36:31 +0000] "POST /api/v1/users/forgetPassword HTTP/1.1" 404 40 "-" "PostmanRuntime/7.30.1"

info: ::1 - - [03/Feb/2023:10:36:38 +0000] "POST /api/v1/users/forgetPassword HTTP/1.1" 200 58 "-" "PostmanRuntime/7.30.1"

info: ::1 - - [03/Feb/2023:10:37:02 +0000] "POST /api/v1/users/forgetPassword HTTP/1.1" 200 58 "-" "PostmanRuntime/7.30.1"

info: ::1 - - [03/Feb/2023:10:45:37 +0000] "POST /api/v1/users/forgetPassword HTTP/1.1" 200 58 "-" "PostmanRuntime/7.30.1"

info: ::1 - - [03/Feb/2023:10:45:46 +0000] "POST /api/v1/users/forgetPassword HTTP/1.1" 200 58 "-" "PostmanRuntime/7.30.1"

info: ::1 - - [03/Feb/2023:10:54:13 +0000] "POST /api/v1/users/forgetPassword HTTP/1.1" 200 579 "-" "PostmanRuntime/7.30.1"

info: ::1 - - [03/Feb/2023:10:57:07 +0000] "POST /api/v1/users/forgetPassword HTTP/1.1" 200 580 "-" "PostmanRuntime/7.30.1"

info: ::1 - - [03/Feb/2023:10:58:39 +0000] "GET /eyJhbGciOiJIUzI1NiIsInR5cCI6IkpXVCJ9.eyJlbWFpbCI6ImhpbWFuc2h1Ym9yc2UtY21wbkBhdGhhcnZhY29lLmFjLmluIiwiaWF0IjoxNjc1NDIxNjQ4fQ.-KuSCIXB2XufPWTAVL4imbkWO7hIAlaK-pG5gEOrfYw HTTP/1.1" 404 47 "-" "Mozilla/5.0 (Windows NT 10.0; Win64; x64) AppleWebKit/537.36 (KHTML, like Gecko) Chrome/109.0.0.0 Safari/537.36 Edg/109.0.1518.70"

info: ::1 - - [03/Feb/2023:10:58:39 +0000] "GET /favicon.ico HTTP/1.1" 404 47 "-" "Mozilla/5.0 (Windows NT 10.0; Win64; x64) AppleWebKit/537.36 (KHTML, like Gecko) Chrome/109.0.0.0 Safari/537.36 Edg/109.0.1518.70"

info: ::1 - - [03/Feb/2023:11:09:41 +0000] "POST /api/v1/users/forgetPassword HTTP/1.1" 200 580 "-" "PostmanRuntime/7.30.1"

info: ::1 - - [03/Feb/2023:11:11:02 +0000] "GET /eyJhbGciOiJIUzI1NiIsInR5cCI6IkpXVCJ9.eyJlbWFpbCI6ImhpbWFuc2h1Ym9yc2UtY21wbkBhdGhhcnZhY29lLmFjLmluIiwiaWF0IjoxNjc1NDIyNTc2fQ.iWvvwseSH5pMI-ZOvQ5X2rZ2uIK_AYq43Z4_-k8h17E HTTP/1.1" 404 47 "-" "Mozilla/5.0 (Windows NT 10.0; Win64; x64) AppleWebKit/537.36 (KHTML, like Gecko) Chrome/109.0.0.0 Safari/537.36 Edg/109.0.1518.70"

info: ::1 - - [03/Feb/2023:11:12:14 +0000] "POST /api/v1/users/resetpassword/eyJhbGciOiJIUzI1NiIsInR5cCI6IkpXVCJ9.eyJlbWFpbCI6ImhpbWFuc2h1Ym9yc2UtY21wbkBhdGhhcnZhY29lLmFjLmluIiwiaWF0IjoxNjc1NDIyNTc2fQ.iWvvwseSH5pMI-ZOvQ5X2rZ2uIK_AYq43Z4_-k8h17E HTTP/1.1" 200 342 "-" "PostmanRuntime/7.30.1"

info: ::1 - - [03/Feb/2023:11:23:51 +0000] "POST /api/v1/users/forgetPassword HTTP/1.1" 200 58 "-" "PostmanRuntime/7.30.1"

info: ::1 - - [03/Feb/2023:11:24:55 +0000] "POST /api/v1/users/forgetPassword HTTP/1.1" 200 580 "-" "PostmanRuntime/7.30.1"

