info: ::1 - - [25/Jan/2023:07:01:19 +0000] "GET /api/v1/ HTTP/1.1" 200 9 "-" "PostmanRuntime/7.30.0"

info: ::1 - - [25/Jan/2023:07:03:18 +0000] "GET /api/v1/users HTTP/1.1" 200 60971 "-" "PostmanRuntime/7.30.0"

info: ::1 - - [25/Jan/2023:07:04:31 +0000] "GET /api/v1/usersok HTTP/1.1" 200 60971 "-" "PostmanRuntime/7.30.0"

info: ::1 - - [25/Jan/2023:07:08:45 +0000] "GET /api/v1/usersok HTTP/1.1" 200 65 "-" "PostmanRuntime/7.30.0"

info: ::1 - - [25/Jan/2023:07:11:42 +0000] "GET /api/v1/getall HTTP/1.1" 404 47 "-" "PostmanRuntime/7.30.0"

info: ::1 - - [25/Jan/2023:07:17:31 +0000] "GET /api/v1/getall HTTP/1.1" 404 47 "-" "PostmanRuntime/7.30.0"

info: ::1 - - [25/Jan/2023:07:18:08 +0000] "GET /api/v1/user/getall HTTP/1.1" 404 47 "-" "PostmanRuntime/7.30.0"

info: ::1 - - [25/Jan/2023:07:18:31 +0000] "GET /api/v1/userok/getall HTTP/1.1" 404 47 "-" "PostmanRuntime/7.30.0"

info: ::1 - - [25/Jan/2023:07:19:28 +0000] "GET /api/v1/users/getall HTTP/1.1" 200 65 "-" "PostmanRuntime/7.30.0"

info: ::1 - - [25/Jan/2023:07:47:42 +0000] "POST /api/v1/users/body HTTP/1.1" 404 47 "-" "PostmanRuntime/7.30.0"

info: ::1 - - [25/Jan/2023:07:48:38 +0000] "POST /api/v1/users/ HTTP/1.1" 500 85 "-" "PostmanRuntime/7.30.0"

info: ::1 - - [25/Jan/2023:07:48:53 +0000] "POST /api/v1/users/ HTTP/1.1" 201 192 "-" "PostmanRuntime/7.30.0"

info: ::1 - - [25/Jan/2023:07:59:12 +0000] "POST /api/v1/users/ HTTP/1.1" 201 192 "-" "PostmanRuntime/7.30.0"

info: ::1 - - [25/Jan/2023:08:00:30 +0000] "POST /api/v1/users/ HTTP/1.1" 201 192 "-" "PostmanRuntime/7.30.0"

info: ::1 - - [25/Jan/2023:08:00:50 +0000] "POST /api/v1/users/ HTTP/1.1" 201 192 "-" "PostmanRuntime/7.30.0"

info: ::1 - - [25/Jan/2023:11:27:32 +0000] "GET /api/v1/ HTTP/1.1" 200 9 "-" "PostmanRuntime/7.30.0"

info: ::1 - - [25/Jan/2023:11:27:35 +0000] "GET /api/v1/ HTTP/1.1" 200 9 "-" "PostmanRuntime/7.30.0"

info: ::1 - - [25/Jan/2023:11:30:56 +0000] "POST /api/v1/ HTTP/1.1" 404 47 "-" "PostmanRuntime/7.30.0"

info: ::1 - - [25/Jan/2023:11:31:01 +0000] "GET /api/v1/ HTTP/1.1" 200 9 "-" "PostmanRuntime/7.30.0"

info: ::1 - - [25/Jan/2023:11:37:10 +0000] "POST /api/v1/ HTTP/1.1" 404 47 "-" "PostmanRuntime/7.30.0"

info: ::1 - - [25/Jan/2023:11:49:12 +0000] "POST /api/v1/ HTTP/1.1" 404 47 "-" "PostmanRuntime/7.30.0"

info: ::1 - - [25/Jan/2023:11:49:20 +0000] "POST /api/v1/ HTTP/1.1" 404 47 "-" "PostmanRuntime/7.30.0"

info: ::1 - - [25/Jan/2023:11:50:58 +0000] "POST /api/v1/users HTTP/1.1" 500 55 "-" "PostmanRuntime/7.30.0"

info: ::1 - - [25/Jan/2023:11:51:14 +0000] "POST /api/v1/users HTTP/1.1" 500 85 "-" "PostmanRuntime/7.30.0"

info: ::1 - - [25/Jan/2023:11:51:24 +0000] "POST /api/v1/users HTTP/1.1" 201 192 "-" "PostmanRuntime/7.30.0"

info: ::1 - - [25/Jan/2023:11:58:16 +0000] "POST /api/v1/users HTTP/1.1" 500 71 "-" "PostmanRuntime/7.30.0"

info: ::1 - - [25/Jan/2023:11:58:48 +0000] "POST /api/v1/users HTTP/1.1" 500 71 "-" "PostmanRuntime/7.30.0"

info: ::1 - - [25/Jan/2023:12:01:43 +0000] "POST /api/v1/users HTTP/1.1" 500 71 "-" "PostmanRuntime/7.30.0"

info: ::1 - - [25/Jan/2023:12:04:14 +0000] "POST /api/v1/users HTTP/1.1" 201 220 "-" "PostmanRuntime/7.30.0"

