info: Server started at http://localhost:3000/api/v1/ {"timestamp":"2023-01-26T18:34:42.523Z"}
info: Server started at http://localhost:3000/api/v1/ {"timestamp":"2023-01-26T18:34:45.346Z"}
info: Connected to the database. {"timestamp":"2023-01-26T18:34:47.535Z"}
info: Server started at http://localhost:3000/api/v1/ {"timestamp":"2023-01-26T18:35:08.914Z"}
info: Connected to the database. {"timestamp":"2023-01-26T18:35:11.096Z"}
info: Server started at http://localhost:3000/api/v1/ {"timestamp":"2023-01-26T18:35:27.960Z"}
info: Server started at http://localhost:3000/api/v1/ {"timestamp":"2023-01-26T18:35:43.414Z"}
info: Connected to the database. {"timestamp":"2023-01-26T18:35:45.612Z"}
info: Server started at http://localhost:3000/api/v1/ {"timestamp":"2023-01-26T18:35:48.847Z"}
info: Connected to the database. {"timestamp":"2023-01-26T18:35:51.067Z"}
info: Server started at http://localhost:3000/api/v1/ {"timestamp":"2023-01-26T18:35:56.232Z"}
info: Server started at http://localhost:3000/api/v1/ {"timestamp":"2023-01-26T18:36:00.881Z"}
info: Connected to the database. {"timestamp":"2023-01-26T18:36:03.061Z"}
info: Server started at http://localhost:3000/api/v1/ {"timestamp":"2023-01-26T18:36:28.076Z"}
info: Connected to the database. {"timestamp":"2023-01-26T18:36:30.300Z"}
info: Server started at http://localhost:3000/api/v1/ {"timestamp":"2023-01-26T18:36:57.906Z"}
info: Server started at http://localhost:3000/api/v1/ {"timestamp":"2023-01-26T18:37:02.090Z"}
info: Connected to the database. {"timestamp":"2023-01-26T18:37:04.231Z"}
info: Server started at http://localhost:3000/api/v1/ {"timestamp":"2023-01-26T18:38:03.881Z"}
info: Connected to the database. {"timestamp":"2023-01-26T18:38:06.180Z"}
error: 
    status - 500 
    message - TypeError: _joi.default.password is not a function
    at newUserValidator (E:\youir\awesome-project\src\validators\/user.validator.js:8:19)
    at Layer.handle [as handle_request] (E:\youir\awesome-project\node_modules\express\lib\router\layer.js:95:5)
    at next (E:\youir\awesome-project\node_modules\express\lib\router\route.js:144:13)
    at Route.dispatch (E:\youir\awesome-project\node_modules\express\lib\router\route.js:114:3)
    at Layer.handle [as handle_request] (E:\youir\awesome-project\node_modules\express\lib\router\layer.js:95:5)
    at E:\youir\awesome-project\node_modules\express\lib\router\index.js:284:15
    at Function.process_params (E:\youir\awesome-project\node_modules\express\lib\router\index.js:346:12)
    at next (E:\youir\awesome-project\node_modules\express\lib\router\index.js:280:10)
    at Function.handle (E:\youir\awesome-project\node_modules\express\lib\router\index.js:175:3)
    at router (E:\youir\awesome-project\node_modules\express\lib\router\index.js:47:12)
    at Layer.handle [as handle_request] (E:\youir\awesome-project\node_modules\express\lib\router\layer.js:95:5)
    at trim_prefix (E:\youir\awesome-project\node_modules\express\lib\router\index.js:328:13)
    at E:\youir\awesome-project\node_modules\express\lib\router\index.js:286:9
    at Function.process_params (E:\youir\awesome-project\node_modules\express\lib\router\index.js:346:12)
    at next (E:\youir\awesome-project\node_modules\express\lib\router\index.js:280:10)
    at Function.handle (E:\youir\awesome-project\node_modules\express\lib\router\index.js:175:3)
    at router (E:\youir\awesome-project\node_modules\express\lib\router\index.js:47:12)
    at Layer.handle [as handle_request] (E:\youir\awesome-project\node_modules\express\lib\router\layer.js:95:5)
    at trim_prefix (E:\youir\awesome-project\node_modules\express\lib\router\index.js:328:13)
    at E:\youir\awesome-project\node_modules\express\lib\router\index.js:286:9
    at Function.process_params (E:\youir\awesome-project\node_modules\express\lib\router\index.js:346:12)
    at next (E:\youir\awesome-project\node_modules\express\lib\router\index.js:280:10)
    at logger (E:\youir\awesome-project\node_modules\morgan\index.js:144:5)
    at Layer.handle [as handle_request] (E:\youir\awesome-project\node_modules\express\lib\router\layer.js:95:5)
    at trim_prefix (E:\youir\awesome-project\node_modules\express\lib\router\index.js:328:13)
    at E:\youir\awesome-project\node_modules\express\lib\router\index.js:286:9
    at Function.process_params (E:\youir\awesome-project\node_modules\express\lib\router\index.js:346:12)
    at next (E:\youir\awesome-project\node_modules\express\lib\router\index.js:280:10)
    at E:\youir\awesome-project\node_modules\body-parser\lib\read.js:137:5
    at AsyncResource.runInAsyncScope (node:async_hooks:203:9)
    at invokeCallback (E:\youir\awesome-project\node_modules\raw-body\index.js:231:16)
    at done (E:\youir\awesome-project\node_modules\raw-body\index.js:220:7)
    at IncomingMessage.onEnd (E:\youir\awesome-project\node_modules\raw-body\index.js:280:7)
    at IncomingMessage.emit (node:events:513:28)
    at IncomingMessage.emit (node:domain:489:12)
    at endReadableNT (node:internal/streams/readable:1359:12)
    at processTicksAndRejections (node:internal/process/task_queues:82:21) 
    url - /api/v1/users 
    method - POST 
    IP - ::1
   {"timestamp":"2023-01-26T18:38:43.417Z"}
error: 
    status - 500 
    message - SyntaxError: Unexpected token f in JSON at position 1
    at JSON.parse (<anonymous>)
    at parse (E:\youir\awesome-project\node_modules\body-parser\lib\types\json.js:89:19)
    at E:\youir\awesome-project\node_modules\body-parser\lib\read.js:128:18
    at AsyncResource.runInAsyncScope (node:async_hooks:203:9)
    at invokeCallback (E:\youir\awesome-project\node_modules\raw-body\index.js:231:16)
    at done (E:\youir\awesome-project\node_modules\raw-body\index.js:220:7)
    at IncomingMessage.onEnd (E:\youir\awesome-project\node_modules\raw-body\index.js:280:7)
    at IncomingMessage.emit (node:events:513:28)
    at IncomingMessage.emit (node:domain:489:12)
    at endReadableNT (node:internal/streams/readable:1359:12)
    at processTicksAndRejections (node:internal/process/task_queues:82:21) 
    url - /api/v1/users 
    method - POST 
    IP - ::1
   {"timestamp":"2023-01-26T18:40:26.309Z"}
error: 
    status - 500 
    message - SyntaxError: Unexpected token Y in JSON at position 15
    at JSON.parse (<anonymous>)
    at parse (E:\youir\awesome-project\node_modules\body-parser\lib\types\json.js:89:19)
    at E:\youir\awesome-project\node_modules\body-parser\lib\read.js:128:18
    at AsyncResource.runInAsyncScope (node:async_hooks:203:9)
    at invokeCallback (E:\youir\awesome-project\node_modules\raw-body\index.js:231:16)
    at done (E:\youir\awesome-project\node_modules\raw-body\index.js:220:7)
    at IncomingMessage.onEnd (E:\youir\awesome-project\node_modules\raw-body\index.js:280:7)
    at IncomingMessage.emit (node:events:513:28)
    at IncomingMessage.emit (node:domain:489:12)
    at endReadableNT (node:internal/streams/readable:1359:12)
    at processTicksAndRejections (node:internal/process/task_queues:82:21) 
    url - /api/v1/users 
    method - POST 
    IP - ::1
   {"timestamp":"2023-01-26T18:41:06.977Z"}
error: 
    status - 500 
    message - SyntaxError: Unexpected token Y in JSON at position 17
    at JSON.parse (<anonymous>)
    at parse (E:\youir\awesome-project\node_modules\body-parser\lib\types\json.js:89:19)
    at E:\youir\awesome-project\node_modules\body-parser\lib\read.js:128:18
    at AsyncResource.runInAsyncScope (node:async_hooks:203:9)
    at invokeCallback (E:\youir\awesome-project\node_modules\raw-body\index.js:231:16)
    at done (E:\youir\awesome-project\node_modules\raw-body\index.js:220:7)
    at IncomingMessage.onEnd (E:\youir\awesome-project\node_modules\raw-body\index.js:280:7)
    at IncomingMessage.emit (node:events:513:28)
    at IncomingMessage.emit (node:domain:489:12)
    at endReadableNT (node:internal/streams/readable:1359:12)
    at processTicksAndRejections (node:internal/process/task_queues:82:21) 
    url - /api/v1/users 
    method - POST 
    IP - ::1
   {"timestamp":"2023-01-26T18:41:23.967Z"}
error: 
    status - 500 
    message - SyntaxError: Unexpected string in JSON at position 29
    at JSON.parse (<anonymous>)
    at parse (E:\youir\awesome-project\node_modules\body-parser\lib\types\json.js:89:19)
    at E:\youir\awesome-project\node_modules\body-parser\lib\read.js:128:18
    at AsyncResource.runInAsyncScope (node:async_hooks:203:9)
    at invokeCallback (E:\youir\awesome-project\node_modules\raw-body\index.js:231:16)
    at done (E:\youir\awesome-project\node_modules\raw-body\index.js:220:7)
    at IncomingMessage.onEnd (E:\youir\awesome-project\node_modules\raw-body\index.js:280:7)
    at IncomingMessage.emit (node:events:513:28)
    at IncomingMessage.emit (node:domain:489:12)
    at endReadableNT (node:internal/streams/readable:1359:12)
    at processTicksAndRejections (node:internal/process/task_queues:82:21) 
    url - /api/v1/users 
    method - POST 
    IP - ::1
   {"timestamp":"2023-01-26T18:41:41.930Z"}
error: 
    status - 500 
    message - SyntaxError: Unexpected string in JSON at position 29
    at JSON.parse (<anonymous>)
    at parse (E:\youir\awesome-project\node_modules\body-parser\lib\types\json.js:89:19)
    at E:\youir\awesome-project\node_modules\body-parser\lib\read.js:128:18
    at AsyncResource.runInAsyncScope (node:async_hooks:203:9)
    at invokeCallback (E:\youir\awesome-project\node_modules\raw-body\index.js:231:16)
    at done (E:\youir\awesome-project\node_modules\raw-body\index.js:220:7)
    at IncomingMessage.onEnd (E:\youir\awesome-project\node_modules\raw-body\index.js:280:7)
    at IncomingMessage.emit (node:events:513:28)
    at IncomingMessage.emit (node:domain:489:12)
    at endReadableNT (node:internal/streams/readable:1359:12)
    at processTicksAndRejections (node:internal/process/task_queues:82:21) 
    url - /api/v1/users 
    method - POST 
    IP - ::1
   {"timestamp":"2023-01-26T18:42:56.685Z"}
info: Server started at http://localhost:3000/api/v1/ {"timestamp":"2023-01-26T18:43:25.476Z"}
error: 
    status - 500 
    message - SyntaxError: Unexpected string in JSON at position 29
    at JSON.parse (<anonymous>)
    at parse (E:\youir\awesome-project\node_modules\body-parser\lib\types\json.js:89:19)
    at E:\youir\awesome-project\node_modules\body-parser\lib\read.js:128:18
    at AsyncResource.runInAsyncScope (node:async_hooks:203:9)
    at invokeCallback (E:\youir\awesome-project\node_modules\raw-body\index.js:231:16)
    at done (E:\youir\awesome-project\node_modules\raw-body\index.js:220:7)
    at IncomingMessage.onEnd (E:\youir\awesome-project\node_modules\raw-body\index.js:280:7)
    at IncomingMessage.emit (node:events:513:28)
    at IncomingMessage.emit (node:domain:489:12)
    at endReadableNT (node:internal/streams/readable:1359:12)
    at processTicksAndRejections (node:internal/process/task_queues:82:21) 
    url - /api/v1/users 
    method - POST 
    IP - ::1
   {"timestamp":"2023-01-26T18:43:27.194Z"}
info: Connected to the database. {"timestamp":"2023-01-26T18:43:27.779Z"}
info: Server started at http://localhost:3000/api/v1/ {"timestamp":"2023-01-26T18:46:40.400Z"}
info: Server started at http://localhost:3000/api/v1/ {"timestamp":"2023-01-26T18:50:17.372Z"}
info: Connected to the database. {"timestamp":"2023-01-26T18:50:19.584Z"}
error: 
    status - 500 
    message - SyntaxError: Unexpected token " in JSON at position 0
    at JSON.parse (<anonymous>)
    at createStrictSyntaxError (E:\youir\awesome-project\node_modules\body-parser\lib\types\json.js:160:10)
    at parse (E:\youir\awesome-project\node_modules\body-parser\lib\types\json.js:83:15)
    at E:\youir\awesome-project\node_modules\body-parser\lib\read.js:128:18
    at AsyncResource.runInAsyncScope (node:async_hooks:203:9)
    at invokeCallback (E:\youir\awesome-project\node_modules\raw-body\index.js:231:16)
    at done (E:\youir\awesome-project\node_modules\raw-body\index.js:220:7)
    at IncomingMessage.onEnd (E:\youir\awesome-project\node_modules\raw-body\index.js:280:7)
    at IncomingMessage.emit (node:events:513:28)
    at IncomingMessage.emit (node:domain:489:12)
    at endReadableNT (node:internal/streams/readable:1359:12)
    at processTicksAndRejections (node:internal/process/task_queues:82:21) 
    url - /api/v1/users/:_id 
    method - GET 
    IP - ::1
   {"timestamp":"2023-01-26T18:50:21.058Z"}
error: 
      status - 400
      message - Authorization token is required 
      url - /api/v1/users/:_id 
      method - GET 
      IP - ::1
     {"timestamp":"2023-01-26T18:50:36.238Z"}
error: 
      status - 400
      message - Authorization token is required 
      url - /api/v1/users/_id 
      method - GET 
      IP - ::1
     {"timestamp":"2023-01-26T19:04:22.091Z"}
error: 
      status - 400
      message - Authorization token is required 
      url - /api/v1/users/:_id 
      method - GET 
      IP - ::1
     {"timestamp":"2023-01-26T19:04:37.539Z"}
error: 
      status - 400
      message - Authorization token is required 
      url - /api/v1/users/:_id 
      method - GET 
      IP - ::1
     {"timestamp":"2023-01-26T19:04:39.445Z"}
error: 
    status - 500 
    message - CastError: Cast to ObjectId failed for value ":_id" (type string) at path "_id" for model "User"
    at model.Query.exec (E:\youir\awesome-project\node_modules\mongoose\lib\query.js:4498:21)
    at model.Query.Query.then (E:\youir\awesome-project\node_modules\mongoose\lib\query.js:4592:15)
    at processTicksAndRejections (node:internal/process/task_queues:95:5) 
    url - /api/v1/users/:_id 
    method - DELETE 
    IP - ::1
   {"timestamp":"2023-01-26T19:08:30.554Z"}
error: 
    status - 500 
    message - CastError: Cast to ObjectId failed for value "_id" (type string) at path "_id" for model "User"
    at model.Query.exec (E:\youir\awesome-project\node_modules\mongoose\lib\query.js:4498:21)
    at model.Query.Query.then (E:\youir\awesome-project\node_modules\mongoose\lib\query.js:4592:15)
    at processTicksAndRejections (node:internal/process/task_queues:95:5) 
    url - /api/v1/users/_id 
    method - DELETE 
    IP - ::1
   {"timestamp":"2023-01-26T19:08:40.962Z"}
info: Server started at http://localhost:3000/api/v1/ {"timestamp":"2023-01-26T19:10:30.470Z"}
info: Connected to the database. {"timestamp":"2023-01-26T19:10:32.841Z"}
info: Server started at http://localhost:3000/api/v1/ {"timestamp":"2023-01-26T19:11:09.541Z"}
info: Connected to the database. {"timestamp":"2023-01-26T19:11:11.671Z"}
info: Server started at http://localhost:3000/api/v1/ {"timestamp":"2023-01-26T19:11:56.345Z"}
info: Connected to the database. {"timestamp":"2023-01-26T19:11:58.774Z"}
info: Server started at http://localhost:3000/api/v1/ {"timestamp":"2023-01-26T19:12:25.695Z"}
info: Connected to the database. {"timestamp":"2023-01-26T19:12:28.042Z"}
info: Server started at http://localhost:3000/api/v1/ {"timestamp":"2023-01-26T19:13:04.404Z"}
info: Server started at http://localhost:3000/api/v1/ {"timestamp":"2023-01-26T19:13:20.976Z"}
info: Connected to the database. {"timestamp":"2023-01-26T19:13:23.492Z"}
info: Server started at http://localhost:3000/api/v1/ {"timestamp":"2023-01-26T19:13:31.331Z"}
info: Connected to the database. {"timestamp":"2023-01-26T19:13:33.747Z"}
error: 
      status - 400
      message - Authorization token is required 
      url - /api/v1/users/:_id 
      method - GET 
      IP - ::1
     {"timestamp":"2023-01-26T19:14:39.905Z"}
error: 
      status - 400
      message - Authorization token is required 
      url - /api/v1/users/_id 
      method - GET 
      IP - ::1
     {"timestamp":"2023-01-26T19:14:48.345Z"}
info: Server started at http://localhost:3000/api/v1/ {"timestamp":"2023-01-26T19:15:36.452Z"}
info: Connected to the database. {"timestamp":"2023-01-26T19:15:38.931Z"}
error: 
      status - 400
      message - Authorization token is required 
      url - /api/v1/users/:_id 
      method - GET 
      IP - ::1
     {"timestamp":"2023-01-26T19:16:00.245Z"}
info: Server started at http://localhost:3000/api/v1/ {"timestamp":"2023-01-26T19:16:56.488Z"}
info: Connected to the database. {"timestamp":"2023-01-26T19:16:58.819Z"}
error: 
      status - 400
      message - Authorization token is required 
      url - /api/v1/users/63d11abed7e4ff1e14da2db2 
      method - GET 
      IP - ::1
     {"timestamp":"2023-01-26T19:19:03.767Z"}
error: 
    status - 500 
    message - SyntaxError: Unexpected token } in JSON at position 27
    at JSON.parse (<anonymous>)
    at parse (E:\youir\awesome-project\node_modules\body-parser\lib\types\json.js:89:19)
    at E:\youir\awesome-project\node_modules\body-parser\lib\read.js:128:18
    at AsyncResource.runInAsyncScope (node:async_hooks:203:9)
    at invokeCallback (E:\youir\awesome-project\node_modules\raw-body\index.js:231:16)
    at done (E:\youir\awesome-project\node_modules\raw-body\index.js:220:7)
    at IncomingMessage.onEnd (E:\youir\awesome-project\node_modules\raw-body\index.js:280:7)
    at IncomingMessage.emit (node:events:513:28)
    at IncomingMessage.emit (node:domain:489:12)
    at endReadableNT (node:internal/streams/readable:1359:12)
    at processTicksAndRejections (node:internal/process/task_queues:82:21) 
    url - /api/v1/users/_id 
    method - GET 
    IP - ::1
   {"timestamp":"2023-01-26T19:19:43.334Z"}
error: 
    status - 500 
    message - SyntaxError: Unexpected token } in JSON at position 27
    at JSON.parse (<anonymous>)
    at parse (E:\youir\awesome-project\node_modules\body-parser\lib\types\json.js:89:19)
    at E:\youir\awesome-project\node_modules\body-parser\lib\read.js:128:18
    at AsyncResource.runInAsyncScope (node:async_hooks:203:9)
    at invokeCallback (E:\youir\awesome-project\node_modules\raw-body\index.js:231:16)
    at done (E:\youir\awesome-project\node_modules\raw-body\index.js:220:7)
    at IncomingMessage.onEnd (E:\youir\awesome-project\node_modules\raw-body\index.js:280:7)
    at IncomingMessage.emit (node:events:513:28)
    at IncomingMessage.emit (node:domain:489:12)
    at endReadableNT (node:internal/streams/readable:1359:12)
    at processTicksAndRejections (node:internal/process/task_queues:82:21) 
    url - /api/v1/users/getall 
    method - GET 
    IP - ::1
   {"timestamp":"2023-01-26T19:19:57.395Z"}
error: 
    status - 500 
    message - SyntaxError: Unexpected token } in JSON at position 27
    at JSON.parse (<anonymous>)
    at parse (E:\youir\awesome-project\node_modules\body-parser\lib\types\json.js:89:19)
    at E:\youir\awesome-project\node_modules\body-parser\lib\read.js:128:18
    at AsyncResource.runInAsyncScope (node:async_hooks:203:9)
    at invokeCallback (E:\youir\awesome-project\node_modules\raw-body\index.js:231:16)
    at done (E:\youir\awesome-project\node_modules\raw-body\index.js:220:7)
    at IncomingMessage.onEnd (E:\youir\awesome-project\node_modules\raw-body\index.js:280:7)
    at IncomingMessage.emit (node:events:513:28)
    at IncomingMessage.emit (node:domain:489:12)
    at endReadableNT (node:internal/streams/readable:1359:12)
    at processTicksAndRejections (node:internal/process/task_queues:82:21) 
    url - /api/v1/users/getall 
    method - GET 
    IP - ::1
   {"timestamp":"2023-01-26T19:20:01.485Z"}
error: 
      status - 400
      message - Authorization token is required 
      url - /api/v1/users/%2263d11abed7e4ff1e14da2db2%22 
      method - GET 
      IP - ::1
     {"timestamp":"2023-01-26T19:20:53.041Z"}
info: Server started at http://localhost:3000/api/v1/ {"timestamp":"2023-01-26T19:22:00.640Z"}
info: Connected to the database. {"timestamp":"2023-01-26T19:22:03.227Z"}
error: 
    status - 500 
    message - CastError: Cast to ObjectId failed for value "{ _id: ':_id' }" (type Object) at path "_id" for model "User"
    at model.Query.exec (E:\youir\awesome-project\node_modules\mongoose\lib\query.js:4498:21)
    at model.Query.Query.then (E:\youir\awesome-project\node_modules\mongoose\lib\query.js:4592:15)
    at processTicksAndRejections (node:internal/process/task_queues:95:5) 
    url - /api/v1/users/:_id 
    method - PUT 
    IP - ::1
   {"timestamp":"2023-01-26T19:23:33.032Z"}
error: 
    status - 500 
    message - CastError: Cast to ObjectId failed for value "{ _id: '"63d11abed7e4ff1e14da2db2"' }" (type Object) at path "_id" for model "User"
    at model.Query.exec (E:\youir\awesome-project\node_modules\mongoose\lib\query.js:4498:21)
    at model.Query.Query.then (E:\youir\awesome-project\node_modules\mongoose\lib\query.js:4592:15)
    at processTicksAndRejections (node:internal/process/task_queues:95:5) 
    url - /api/v1/users/%2263d11abed7e4ff1e14da2db2%22 
    method - PUT 
    IP - ::1
   {"timestamp":"2023-01-26T19:26:10.748Z"}
error: 
    status - 500 
    message - CastError: Cast to ObjectId failed for value "{ _id: '_id' }" (type Object) at path "_id" for model "User"
    at model.Query.exec (E:\youir\awesome-project\node_modules\mongoose\lib\query.js:4498:21)
    at model.Query.Query.then (E:\youir\awesome-project\node_modules\mongoose\lib\query.js:4592:15)
    at processTicksAndRejections (node:internal/process/task_queues:95:5) 
    url - /api/v1/users/_id 
    method - PUT 
    IP - ::1
   {"timestamp":"2023-01-26T19:30:34.416Z"}
info: Server started at http://localhost:3000/api/v1/ {"timestamp":"2023-01-26T19:31:32.748Z"}
info: Connected to the database. {"timestamp":"2023-01-26T19:31:35.710Z"}
error: 
      status - 400
      message - Authorization token is required 
      url - /api/v1/users/_id 
      method - GET 
      IP - ::1
     {"timestamp":"2023-01-26T19:38:21.197Z"}
error: 
      status - 400
      message - Authorization token is required 
      url - /api/v1/users/:_id 
      method - GET 
      IP - ::1
     {"timestamp":"2023-01-26T19:38:28.399Z"}
info: Server started at http://localhost:3000/api/v1/ {"timestamp":"2023-01-26T19:42:24.829Z"}
info: Connected to the database. {"timestamp":"2023-01-26T19:42:28.792Z"}
error: 
      status - 400
      message - Authorization token is required n,fnwfnw,f 
      url - /api/v1/users/:_id 
      method - GET 
      IP - ::1
     {"timestamp":"2023-01-26T19:42:30.246Z"}
info: Server started at http://localhost:3000/api/v1/ {"timestamp":"2023-01-26T19:43:30.467Z"}
info: Connected to the database. {"timestamp":"2023-01-26T19:43:33.288Z"}
info: Server started at http://localhost:3000/api/v1/ {"timestamp":"2023-01-26T19:52:06.970Z"}
info: Connected to the database. {"timestamp":"2023-01-26T19:52:09.301Z"}
info: Server started at http://localhost:3000/api/v1/ {"timestamp":"2023-01-26T19:52:34.607Z"}
info: Connected to the database. {"timestamp":"2023-01-26T19:52:37.167Z"}
error: 
    status - 500 
    message - CastError: Cast to ObjectId failed for value "{ _id: undefined }" (type Object) at path "_id" for model "User"
    at model.Query.exec (E:\youir\awesome-project\node_modules\mongoose\lib\query.js:4498:21)
    at model.Query.Query.then (E:\youir\awesome-project\node_modules\mongoose\lib\query.js:4592:15)
    at processTicksAndRejections (node:internal/process/task_queues:95:5) 
    url - /api/v1/users/firstname 
    method - PUT 
    IP - ::1
   {"timestamp":"2023-01-26T19:54:17.102Z"}
info: Server started at http://localhost:3000/api/v1/ {"timestamp":"2023-01-26T19:54:46.611Z"}
info: Connected to the database. {"timestamp":"2023-01-26T19:54:49.189Z"}
info: Server started at http://localhost:3000/api/v1/ {"timestamp":"2023-01-26T19:55:05.647Z"}
info: Connected to the database. {"timestamp":"2023-01-26T19:55:08.221Z"}
info: Server started at http://localhost:3000/api/v1/ {"timestamp":"2023-01-26T20:08:32.398Z"}
info: Connected to the database. {"timestamp":"2023-01-26T20:08:34.703Z"}
error: 
      status - 400
      message - Authorization token is required 
      url - /api/v1/users/_id 
      method - GET 
      IP - ::1
     {"timestamp":"2023-01-26T20:08:43.735Z"}
error: 
      status - 400
      message - Authorization token is required 
      url - /api/v1/users/_id 
      method - GET 
      IP - ::1
     {"timestamp":"2023-01-26T20:09:06.476Z"}
info: Server started at http://localhost:3000/api/v1/ {"timestamp":"2023-01-26T20:16:38.315Z"}
info: Connected to the database. {"timestamp":"2023-01-26T20:16:40.644Z"}
error: 
      status - 400
      message - Authorization token is required 
      url - /api/v1/users/_id 
      method - GET 
      IP - ::1
     {"timestamp":"2023-01-26T20:16:58.124Z"}
error: 
      status - 400
      message - Authorization token is required 
      url - /api/v1/users/_id 
      method - GET 
      IP - ::1
     {"timestamp":"2023-01-26T20:17:27.503Z"}
error: 
      status - 400
      message - Authorization token is required 
      url - /api/v1/users/_id 
      method - GET 
      IP - ::1
     {"timestamp":"2023-01-26T20:17:30.019Z"}
error: 
      status - 400
      message - Authorization token is required 
      url - /api/v1/users/_id 
      method - GET 
      IP - ::1
     {"timestamp":"2023-01-26T20:17:32.815Z"}
info: Server started at http://localhost:3000/api/v1/ {"timestamp":"2023-01-26T20:22:52.717Z"}
info: Connected to the database. {"timestamp":"2023-01-26T20:22:54.946Z"}
error: 
      status - 400
      message - Authorization token is required 
      url - /api/v1/users/:_id 
      method - GET 
      IP - ::1
     {"timestamp":"2023-01-26T20:24:56.718Z"}
info: Server started at http://localhost:3000/api/v1/ {"timestamp":"2023-01-26T20:25:35.329Z"}
info: Connected to the database. {"timestamp":"2023-01-26T20:25:37.575Z"}
error: 
      status - 400
      message - Authorization token is required 
      url - /api/v1/users/:_id 
      method - GET 
      IP - ::1
     {"timestamp":"2023-01-26T20:37:46.049Z"}
error: 
      status - 400
      message - Authorization token is required 
      url - /api/v1/users/:_id 
      method - GET 
      IP - ::1
     {"timestamp":"2023-01-26T20:37:48.542Z"}
info: Server started at http://localhost:3000/api/v1/ {"timestamp":"2023-01-27T08:29:39.246Z"}
info: Connected to the database. {"timestamp":"2023-01-27T08:29:41.945Z"}
error: 
    status - 500 
    message - TypeError: UserService.userRegistration is not a function
    at _callee6$ (E:\youir\awesome-project\src\controllers\/user.controller.js:104:36)
    at tryCatch (E:\youir\awesome-project\node_modules\@babel\runtime\helpers\regeneratorRuntime.js:44:17)
    at Generator.<anonymous> (E:\youir\awesome-project\node_modules\@babel\runtime\helpers\regeneratorRuntime.js:125:22)
    at Generator.next (E:\youir\awesome-project\node_modules\@babel\runtime\helpers\regeneratorRuntime.js:69:21)
    at asyncGeneratorStep (E:\youir\awesome-project\node_modules\@babel\runtime\helpers\asyncToGenerator.js:3:24)
    at _next (E:\youir\awesome-project\node_modules\@babel\runtime\helpers\asyncToGenerator.js:22:9)
    at E:\youir\awesome-project\node_modules\@babel\runtime\helpers\asyncToGenerator.js:27:7
    at new Promise (<anonymous>)
    at E:\youir\awesome-project\node_modules\@babel\runtime\helpers\asyncToGenerator.js:19:12
    at userRegistration (E:\youir\awesome-project\src\controllers\/user.controller.js:102:30)
    at Layer.handle [as handle_request] (E:\youir\awesome-project\node_modules\express\lib\router\layer.js:95:5)
    at next (E:\youir\awesome-project\node_modules\express\lib\router\route.js:144:13)
    at newUserValidator (E:\youir\awesome-project\src\validators\/user.validator.js:15:5)
    at Layer.handle [as handle_request] (E:\youir\awesome-project\node_modules\express\lib\router\layer.js:95:5)
    at next (E:\youir\awesome-project\node_modules\express\lib\router\route.js:144:13)
    at Route.dispatch (E:\youir\awesome-project\node_modules\express\lib\router\route.js:114:3)
    at Layer.handle [as handle_request] (E:\youir\awesome-project\node_modules\express\lib\router\layer.js:95:5)
    at E:\youir\awesome-project\node_modules\express\lib\router\index.js:284:15
    at Function.process_params (E:\youir\awesome-project\node_modules\express\lib\router\index.js:346:12)
    at next (E:\youir\awesome-project\node_modules\express\lib\router\index.js:280:10)
    at Function.handle (E:\youir\awesome-project\node_modules\express\lib\router\index.js:175:3)
    at router (E:\youir\awesome-project\node_modules\express\lib\router\index.js:47:12)
    at Layer.handle [as handle_request] (E:\youir\awesome-project\node_modules\express\lib\router\layer.js:95:5)
    at trim_prefix (E:\youir\awesome-project\node_modules\express\lib\router\index.js:328:13)
    at E:\youir\awesome-project\node_modules\express\lib\router\index.js:286:9
    at Function.process_params (E:\youir\awesome-project\node_modules\express\lib\router\index.js:346:12)
    at next (E:\youir\awesome-project\node_modules\express\lib\router\index.js:280:10)
    at Function.handle (E:\youir\awesome-project\node_modules\express\lib\router\index.js:175:3)
    at router (E:\youir\awesome-project\node_modules\express\lib\router\index.js:47:12)
    at Layer.handle [as handle_request] (E:\youir\awesome-project\node_modules\express\lib\router\layer.js:95:5)
    at trim_prefix (E:\youir\awesome-project\node_modules\express\lib\router\index.js:328:13)
    at E:\youir\awesome-project\node_modules\express\lib\router\index.js:286:9
    at Function.process_params (E:\youir\awesome-project\node_modules\express\lib\router\index.js:346:12)
    at next (E:\youir\awesome-project\node_modules\express\lib\router\index.js:280:10)
    at logger (E:\youir\awesome-project\node_modules\morgan\index.js:144:5)
    at Layer.handle [as handle_request] (E:\youir\awesome-project\node_modules\express\lib\router\layer.js:95:5)
    at trim_prefix (E:\youir\awesome-project\node_modules\express\lib\router\index.js:328:13)
    at E:\youir\awesome-project\node_modules\express\lib\router\index.js:286:9
    at Function.process_params (E:\youir\awesome-project\node_modules\express\lib\router\index.js:346:12)
    at next (E:\youir\awesome-project\node_modules\express\lib\router\index.js:280:10)
    at E:\youir\awesome-project\node_modules\body-parser\lib\read.js:137:5
    at AsyncResource.runInAsyncScope (node:async_hooks:203:9)
    at invokeCallback (E:\youir\awesome-project\node_modules\raw-body\index.js:231:16)
    at done (E:\youir\awesome-project\node_modules\raw-body\index.js:220:7)
    at IncomingMessage.onEnd (E:\youir\awesome-project\node_modules\raw-body\index.js:280:7)
    at IncomingMessage.emit (node:events:513:28)
    at IncomingMessage.emit (node:domain:489:12)
    at endReadableNT (node:internal/streams/readable:1359:12)
    at processTicksAndRejections (node:internal/process/task_queues:82:21) 
    url - /api/v1/users/registration 
    method - POST 
    IP - ::1
   {"timestamp":"2023-01-27T08:29:49.253Z"}
info: Server started at http://localhost:3000/api/v1/ {"timestamp":"2023-01-27T08:32:31.191Z"}
info: Connected to the database. {"timestamp":"2023-01-27T08:32:33.738Z"}
info: Server started at http://localhost:3000/api/v1/ {"timestamp":"2023-01-27T08:36:22.797Z"}
info: Connected to the database. {"timestamp":"2023-01-27T08:36:25.226Z"}
info: Server started at http://localhost:3000/api/v1/ {"timestamp":"2023-01-27T11:18:36.972Z"}
info: Connected to the database. {"timestamp":"2023-01-27T11:18:39.231Z"}
info: Server started at http://localhost:3000/api/v1/ {"timestamp":"2023-01-27T11:18:51.930Z"}
info: Server started at http://localhost:3000/api/v1/ {"timestamp":"2023-01-27T11:19:00.151Z"}
info: Server started at http://localhost:3000/api/v1/ {"timestamp":"2023-01-27T11:19:05.852Z"}
info: Server started at http://localhost:3000/api/v1/ {"timestamp":"2023-01-27T11:19:12.147Z"}
info: Connected to the database. {"timestamp":"2023-01-27T11:19:14.340Z"}
info: Server started at http://localhost:3000/api/v1/ {"timestamp":"2023-01-27T11:19:19.736Z"}
info: Connected to the database. {"timestamp":"2023-01-27T11:19:21.888Z"}
info: Server started at http://localhost:3000/api/v1/ {"timestamp":"2023-01-27T11:19:32.214Z"}
info: Server started at http://localhost:3000/api/v1/ {"timestamp":"2023-01-27T11:20:02.893Z"}
info: Connected to the database. {"timestamp":"2023-01-27T11:20:05.151Z"}
info: Server started at http://localhost:3000/api/v1/ {"timestamp":"2023-01-27T11:20:12.034Z"}
info: Connected to the database. {"timestamp":"2023-01-27T11:20:14.359Z"}
info: Server started at http://localhost:3000/api/v1/ {"timestamp":"2023-01-27T11:20:22.544Z"}
info: Server started at http://localhost:3000/api/v1/ {"timestamp":"2023-01-27T11:20:31.496Z"}
info: Connected to the database. {"timestamp":"2023-01-27T11:20:33.969Z"}
info: Server started at http://localhost:3000/api/v1/ {"timestamp":"2023-01-27T11:20:42.103Z"}
info: Server started at http://localhost:3000/api/v1/ {"timestamp":"2023-01-27T11:20:48.750Z"}
info: Connected to the database. {"timestamp":"2023-01-27T11:20:51.244Z"}
info: Server started at http://localhost:3000/api/v1/ {"timestamp":"2023-01-27T11:21:51.114Z"}
info: Server started at http://localhost:3000/api/v1/ {"timestamp":"2023-01-27T11:21:54.733Z"}
info: Connected to the database. {"timestamp":"2023-01-27T11:21:57.060Z"}
info: Server started at http://localhost:3000/api/v1/ {"timestamp":"2023-01-27T11:22:03.365Z"}
info: Connected to the database. {"timestamp":"2023-01-27T11:22:05.553Z"}
info: Server started at http://localhost:3000/api/v1/ {"timestamp":"2023-01-27T11:22:12.554Z"}
info: Connected to the database. {"timestamp":"2023-01-27T11:22:14.762Z"}
info: Server started at http://localhost:3000/api/v1/ {"timestamp":"2023-01-27T11:22:45.274Z"}
info: Connected to the database. {"timestamp":"2023-01-27T11:22:47.567Z"}
info: Server started at http://localhost:3000/api/v1/ {"timestamp":"2023-01-27T11:26:50.827Z"}
info: Server started at http://localhost:3000/api/v1/ {"timestamp":"2023-01-27T11:26:55.780Z"}
info: Connected to the database. {"timestamp":"2023-01-27T11:26:57.986Z"}
info: Server started at http://localhost:3000/api/v1/ {"timestamp":"2023-01-27T11:57:04.646Z"}
info: Connected to the database. {"timestamp":"2023-01-27T11:57:08.904Z"}
info: Server started at http://localhost:3000/api/v1/ {"timestamp":"2023-01-27T12:00:23.365Z"}
info: Connected to the database. {"timestamp":"2023-01-27T12:00:25.651Z"}
