info: ::1 - - [25/Jan/2023:07:01:19 +0000] "GET /api/v1/ HTTP/1.1" 200 9 "-" "PostmanRuntime/7.30.0"

info: ::1 - - [25/Jan/2023:07:03:18 +0000] "GET /api/v1/users HTTP/1.1" 200 60971 "-" "PostmanRuntime/7.30.0"

info: ::1 - - [25/Jan/2023:07:04:31 +0000] "GET /api/v1/usersok HTTP/1.1" 200 60971 "-" "PostmanRuntime/7.30.0"

info: ::1 - - [25/Jan/2023:07:08:45 +0000] "GET /api/v1/usersok HTTP/1.1" 200 65 "-" "PostmanRuntime/7.30.0"

info: ::1 - - [25/Jan/2023:07:11:42 +0000] "GET /api/v1/getall HTTP/1.1" 404 47 "-" "PostmanRuntime/7.30.0"

info: ::1 - - [25/Jan/2023:07:17:31 +0000] "GET /api/v1/getall HTTP/1.1" 404 47 "-" "PostmanRuntime/7.30.0"

info: ::1 - - [25/Jan/2023:07:18:08 +0000] "GET /api/v1/user/getall HTTP/1.1" 404 47 "-" "PostmanRuntime/7.30.0"

info: ::1 - - [25/Jan/2023:07:18:31 +0000] "GET /api/v1/userok/getall HTTP/1.1" 404 47 "-" "PostmanRuntime/7.30.0"

info: ::1 - - [25/Jan/2023:07:19:28 +0000] "GET /api/v1/users/getall HTTP/1.1" 200 65 "-" "PostmanRuntime/7.30.0"

info: ::1 - - [25/Jan/2023:07:47:42 +0000] "POST /api/v1/users/body HTTP/1.1" 404 47 "-" "PostmanRuntime/7.30.0"

info: ::1 - - [25/Jan/2023:07:48:38 +0000] "POST /api/v1/users/ HTTP/1.1" 500 85 "-" "PostmanRuntime/7.30.0"

info: ::1 - - [25/Jan/2023:07:48:53 +0000] "POST /api/v1/users/ HTTP/1.1" 201 192 "-" "PostmanRuntime/7.30.0"

info: ::1 - - [25/Jan/2023:07:59:12 +0000] "POST /api/v1/users/ HTTP/1.1" 201 192 "-" "PostmanRuntime/7.30.0"

info: ::1 - - [25/Jan/2023:08:00:30 +0000] "POST /api/v1/users/ HTTP/1.1" 201 192 "-" "PostmanRuntime/7.30.0"

info: ::1 - - [25/Jan/2023:08:00:50 +0000] "POST /api/v1/users/ HTTP/1.1" 201 192 "-" "PostmanRuntime/7.30.0"

info: ::1 - - [25/Jan/2023:11:27:32 +0000] "GET /api/v1/ HTTP/1.1" 200 9 "-" "PostmanRuntime/7.30.0"

info: ::1 - - [25/Jan/2023:11:27:35 +0000] "GET /api/v1/ HTTP/1.1" 200 9 "-" "PostmanRuntime/7.30.0"

info: ::1 - - [25/Jan/2023:11:30:56 +0000] "POST /api/v1/ HTTP/1.1" 404 47 "-" "PostmanRuntime/7.30.0"

info: ::1 - - [25/Jan/2023:11:31:01 +0000] "GET /api/v1/ HTTP/1.1" 200 9 "-" "PostmanRuntime/7.30.0"

info: ::1 - - [25/Jan/2023:11:37:10 +0000] "POST /api/v1/ HTTP/1.1" 404 47 "-" "PostmanRuntime/7.30.0"

info: ::1 - - [25/Jan/2023:11:49:12 +0000] "POST /api/v1/ HTTP/1.1" 404 47 "-" "PostmanRuntime/7.30.0"

info: ::1 - - [25/Jan/2023:11:49:20 +0000] "POST /api/v1/ HTTP/1.1" 404 47 "-" "PostmanRuntime/7.30.0"

info: ::1 - - [25/Jan/2023:11:50:58 +0000] "POST /api/v1/users HTTP/1.1" 500 55 "-" "PostmanRuntime/7.30.0"

info: ::1 - - [25/Jan/2023:11:51:14 +0000] "POST /api/v1/users HTTP/1.1" 500 85 "-" "PostmanRuntime/7.30.0"

info: ::1 - - [25/Jan/2023:11:51:24 +0000] "POST /api/v1/users HTTP/1.1" 201 192 "-" "PostmanRuntime/7.30.0"

info: ::1 - - [25/Jan/2023:11:58:16 +0000] "POST /api/v1/users HTTP/1.1" 500 71 "-" "PostmanRuntime/7.30.0"

info: ::1 - - [25/Jan/2023:11:58:48 +0000] "POST /api/v1/users HTTP/1.1" 500 71 "-" "PostmanRuntime/7.30.0"

info: ::1 - - [25/Jan/2023:12:01:43 +0000] "POST /api/v1/users HTTP/1.1" 500 71 "-" "PostmanRuntime/7.30.0"

info: ::1 - - [25/Jan/2023:12:04:14 +0000] "POST /api/v1/users HTTP/1.1" 201 220 "-" "PostmanRuntime/7.30.0"

info: ::1 - - [26/Jan/2023:16:18:18 +0000] "POST /api/v1/ HTTP/1.1" 404 47 "-" "PostmanRuntime/7.30.0"

info: ::1 - - [26/Jan/2023:16:18:20 +0000] "POST /api/v1/ HTTP/1.1" 404 47 "-" "PostmanRuntime/7.30.0"

info: ::1 - - [26/Jan/2023:16:18:37 +0000] "POST /api/v1/ HTTP/1.1" 404 47 "-" "PostmanRuntime/7.30.0"

info: ::1 - - [26/Jan/2023:16:18:38 +0000] "POST /api/v1/ HTTP/1.1" 404 47 "-" "PostmanRuntime/7.30.0"

info: ::1 - - [26/Jan/2023:16:18:47 +0000] "POST /api/v1/ HTTP/1.1" 404 47 "-" "PostmanRuntime/7.30.0"

info: ::1 - - [26/Jan/2023:16:18:49 +0000] "POST /api/v1/ HTTP/1.1" 404 47 "-" "PostmanRuntime/7.30.0"

info: ::1 - - [26/Jan/2023:16:19:12 +0000] "POST /api/v1/ HTTP/1.1" 404 47 "-" "PostmanRuntime/7.30.0"

info: ::1 - - [26/Jan/2023:16:19:20 +0000] "POST /api/v1 HTTP/1.1" 404 47 "-" "PostmanRuntime/7.30.0"

info: ::1 - - [26/Jan/2023:16:19:31 +0000] "POST /api/v1/users HTTP/1.1" 201 220 "-" "PostmanRuntime/7.30.0"

info: ::1 - - [26/Jan/2023:16:19:55 +0000] "POST /api/v1/users HTTP/1.1" 201 220 "-" "PostmanRuntime/7.30.0"

info: ::1 - - [26/Jan/2023:16:22:14 +0000] "POST /api/v1/ HTTP/1.1" 404 47 "-" "PostmanRuntime/7.30.0"

info: ::1 - - [26/Jan/2023:18:23:35 +0000] "POST /api/v1/ HTTP/1.1" 404 47 "-" "PostmanRuntime/7.30.0"

info: ::1 - - [26/Jan/2023:18:23:48 +0000] "GET /api/v1/ HTTP/1.1" 200 9 "-" "PostmanRuntime/7.30.0"

info: ::1 - - [26/Jan/2023:18:38:13 +0000] "GET /api/v1/ HTTP/1.1" 200 9 "-" "PostmanRuntime/7.30.0"

info: ::1 - - [26/Jan/2023:18:38:18 +0000] "GET /api/v1/users HTTP/1.1" 404 47 "-" "PostmanRuntime/7.30.0"

info: ::1 - - [26/Jan/2023:18:38:43 +0000] "POST /api/v1/users HTTP/1.1" 500 74 "-" "PostmanRuntime/7.30.0"

info: ::1 - - [26/Jan/2023:18:43:50 +0000] "POST /api/v1/users HTTP/1.1" 201 266 "-" "PostmanRuntime/7.30.0"

info: ::1 - - [26/Jan/2023:18:44:12 +0000] "GET /api/v1/getall HTTP/1.1" 404 47 "-" "PostmanRuntime/7.30.0"

info: ::1 - - [26/Jan/2023:18:45:38 +0000] "GET /api/v1/users/getall HTTP/1.1" 200 762 "-" "PostmanRuntime/7.30.0"

info: ::1 - - [26/Jan/2023:18:50:36 +0000] "GET /api/v1/users/:_id HTTP/1.1" 400 56 "-" "PostmanRuntime/7.30.0"

info: ::1 - - [26/Jan/2023:19:03:35 +0000] "GET /api/v1/users/getall HTTP/1.1" 200 762 "-" "PostmanRuntime/7.30.0"

info: ::1 - - [26/Jan/2023:19:04:22 +0000] "GET /api/v1/users/_id HTTP/1.1" 400 56 "-" "PostmanRuntime/7.30.0"

info: ::1 - - [26/Jan/2023:19:04:37 +0000] "GET /api/v1/users/:_id HTTP/1.1" 400 56 "-" "PostmanRuntime/7.30.0"

info: ::1 - - [26/Jan/2023:19:04:39 +0000] "GET /api/v1/users/:_id HTTP/1.1" 400 56 "-" "PostmanRuntime/7.30.0"

info: ::1 - - [26/Jan/2023:19:08:30 +0000] "DELETE /api/v1/users/:_id HTTP/1.1" 500 126 "-" "PostmanRuntime/7.30.0"

info: ::1 - - [26/Jan/2023:19:08:40 +0000] "DELETE /api/v1/users/_id HTTP/1.1" 500 125 "-" "PostmanRuntime/7.30.0"

info: ::1 - - [26/Jan/2023:19:14:39 +0000] "GET /api/v1/users/:_id HTTP/1.1" 400 56 "-" "PostmanRuntime/7.30.0"

info: ::1 - - [26/Jan/2023:19:14:48 +0000] "GET /api/v1/users/_id HTTP/1.1" 400 56 "-" "PostmanRuntime/7.30.0"

info: ::1 - - [26/Jan/2023:19:16:00 +0000] "GET /api/v1/users/:_id HTTP/1.1" 400 56 "-" "PostmanRuntime/7.30.0"

info: ::1 - - [26/Jan/2023:19:18:33 +0000] "GET /api/v1/users/getall HTTP/1.1" 200 762 "-" "PostmanRuntime/7.30.0"

info: ::1 - - [26/Jan/2023:19:19:03 +0000] "GET /api/v1/users/63d11abed7e4ff1e14da2db2 HTTP/1.1" 400 56 "-" "PostmanRuntime/7.30.0"

info: ::1 - - [26/Jan/2023:19:20:10 +0000] "GET /api/v1/users/getall HTTP/1.1" 200 762 "-" "PostmanRuntime/7.30.0"

info: ::1 - - [26/Jan/2023:19:20:53 +0000] "GET /api/v1/users/%2263d11abed7e4ff1e14da2db2%22 HTTP/1.1" 400 56 "-" "PostmanRuntime/7.30.0"

info: ::1 - - [26/Jan/2023:19:22:09 +0000] "GET /api/v1/users/%2263d11abed7e4ff1e14da2db2%22 HTTP/1.1" 200 62 "-" "PostmanRuntime/7.30.0"

info: ::1 - - [26/Jan/2023:19:23:00 +0000] "GET /api/v1/users/_id HTTP/1.1" 200 62 "-" "PostmanRuntime/7.30.0"

info: ::1 - - [26/Jan/2023:19:23:09 +0000] "GET /api/v1/users/:_id HTTP/1.1" 200 62 "-" "PostmanRuntime/7.30.0"

info: ::1 - - [26/Jan/2023:19:23:33 +0000] "PUT /api/v1/users/:_id HTTP/1.1" 500 137 "-" "PostmanRuntime/7.30.0"

info: ::1 - - [26/Jan/2023:19:26:10 +0000] "PUT /api/v1/users/%2263d11abed7e4ff1e14da2db2%22 HTTP/1.1" 500 161 "-" "PostmanRuntime/7.30.0"

info: ::1 - - [26/Jan/2023:19:30:34 +0000] "PUT /api/v1/users/_id HTTP/1.1" 500 136 "-" "PostmanRuntime/7.30.0"

info: ::1 - - [26/Jan/2023:19:30:47 +0000] "GET /api/v1/users/_id HTTP/1.1" 200 62 "-" "PostmanRuntime/7.30.0"

info: ::1 - - [26/Jan/2023:19:37:25 +0000] "POST /api/v1/users HTTP/1.1" 201 254 "-" "PostmanRuntime/7.30.0"

info: ::1 - - [26/Jan/2023:19:38:21 +0000] "GET /api/v1/users/_id HTTP/1.1" 400 56 "-" "PostmanRuntime/7.30.0"

info: ::1 - - [26/Jan/2023:19:38:28 +0000] "GET /api/v1/users/:_id HTTP/1.1" 400 56 "-" "PostmanRuntime/7.30.0"

info: ::1 - - [26/Jan/2023:19:42:30 +0000] "GET /api/v1/users/:_id HTTP/1.1" 400 67 "-" "PostmanRuntime/7.30.0"

info: ::1 - - [26/Jan/2023:19:53:04 +0000] "GET /api/v1/users/getall HTTP/1.1" 200 959 "-" "PostmanRuntime/7.30.0"

info: ::1 - - [26/Jan/2023:19:54:17 +0000] "PUT /api/v1/users/firstname HTTP/1.1" 500 140 "-" "PostmanRuntime/7.30.0"

info: ::1 - - [26/Jan/2023:20:08:43 +0000] "GET /api/v1/users/_id HTTP/1.1" 400 56 "-" "PostmanRuntime/7.30.0"

info: ::1 - - [26/Jan/2023:20:09:06 +0000] "GET /api/v1/users/_id HTTP/1.1" 400 56 "-" "PostmanRuntime/7.30.0"

info: ::1 - - [26/Jan/2023:20:16:58 +0000] "GET /api/v1/users/_id HTTP/1.1" 400 56 "-" "PostmanRuntime/7.30.0"

info: ::1 - - [26/Jan/2023:20:17:27 +0000] "GET /api/v1/users/_id HTTP/1.1" 400 56 "-" "PostmanRuntime/7.30.0"

info: ::1 - - [26/Jan/2023:20:17:30 +0000] "GET /api/v1/users/_id HTTP/1.1" 400 56 "-" "PostmanRuntime/7.30.0"

info: ::1 - - [26/Jan/2023:20:17:32 +0000] "GET /api/v1/users/_id HTTP/1.1" 400 56 "-" "PostmanRuntime/7.30.0"

info: ::1 - - [26/Jan/2023:20:19:48 +0000] "GET /api/v1/users/getall HTTP/1.1" 200 959 "-" "PostmanRuntime/7.30.0"

info: ::1 - - [26/Jan/2023:20:24:56 +0000] "GET /api/v1/users/:_id HTTP/1.1" 400 56 "-" "PostmanRuntime/7.30.0"

info: ::1 - - [26/Jan/2023:20:37:46 +0000] "GET /api/v1/users/:_id HTTP/1.1" 400 56 "-" "PostmanRuntime/7.30.0"

info: ::1 - - [26/Jan/2023:20:37:48 +0000] "GET /api/v1/users/:_id HTTP/1.1" 400 56 "-" "PostmanRuntime/7.30.0"

info: ::1 - - [27/Jan/2023:08:29:49 +0000] "POST /api/v1/users/registration HTTP/1.1" 500 81 "-" "PostmanRuntime/7.30.0"

info: ::1 - - [27/Jan/2023:08:32:42 +0000] "POST /api/v1/users/registration HTTP/1.1" 200 317 "-" "PostmanRuntime/7.30.0"

info: ::1 - - [27/Jan/2023:08:33:04 +0000] "POST /api/v1/users/login HTTP/1.1" 200 279 "-" "PostmanRuntime/7.30.0"

info: ::1 - - [27/Jan/2023:08:33:26 +0000] "POST /api/v1/users/login HTTP/1.1" 200 279 "-" "PostmanRuntime/7.30.0"

info: ::1 - - [27/Jan/2023:08:36:44 +0000] "POST /api/v1/users/login HTTP/1.1" 200 299 "-" "PostmanRuntime/7.30.0"

info: ::1 - - [30/Jan/2023:11:16:25 +0000] "POST /api/v1/users/login HTTP/1.1" 404 47 "-" "PostmanRuntime/7.30.0"

info: ::1 - - [30/Jan/2023:11:17:26 +0000] "POST /api/v1/users/Userlogin HTTP/1.1" 500 98 "-" "PostmanRuntime/7.30.0"

info: ::1 - - [30/Jan/2023:11:19:52 +0000] "POST /api/v1/users/Userlogin HTTP/1.1" 500 98 "-" "PostmanRuntime/7.30.0"

info: ::1 - - [30/Jan/2023:11:19:57 +0000] "POST /api/v1/users/Userlogin HTTP/1.1" 500 98 "-" "PostmanRuntime/7.30.0"

info: ::1 - - [30/Jan/2023:11:21:45 +0000] "POST /api/v1/users/UserRegistration HTTP/1.1" 200 65 "-" "PostmanRuntime/7.30.0"

info: ::1 - - [30/Jan/2023:11:22:13 +0000] "POST /api/v1/users/Userlogin HTTP/1.1" 500 98 "-" "PostmanRuntime/7.30.0"

info: ::1 - - [30/Jan/2023:11:23:27 +0000] "POST /api/v1/users/Userlogin HTTP/1.1" 200 206 "-" "PostmanRuntime/7.30.0"

info: ::1 - - [30/Jan/2023:19:12:21 +0000] "POST /api/v1//UserRegistration HTTP/1.1" 404 47 "-" "PostmanRuntime/7.30.0"

info: ::1 - - [30/Jan/2023:19:12:30 +0000] "POST /api/v1/UserRegistration HTTP/1.1" 404 47 "-" "PostmanRuntime/7.30.0"

info: ::1 - - [30/Jan/2023:19:12:39 +0000] "POST /api/v1/user/UserRegistration HTTP/1.1" 404 47 "-" "PostmanRuntime/7.30.0"

info: ::1 - - [30/Jan/2023:19:13:21 +0000] "GET /api/v1/users/getall HTTP/1.1" 200 1474 "-" "PostmanRuntime/7.30.0"

info: ::1 - - [30/Jan/2023:19:16:34 +0000] "POST /api/v1/users/UserRegistration HTTP/1.1" 200 65 "-" "PostmanRuntime/7.30.0"

info: ::1 - - [30/Jan/2023:19:16:58 +0000] "POST /api/v1/users/Userlogin HTTP/1.1" 200 206 "-" "PostmanRuntime/7.30.0"

error: uncaughtException: note is not defined
ReferenceError: note is not defined
    at routes (E:\youir\awesome-project\src\routes\/index.js:16:24)
    at Object.<anonymous> (E:\youir\awesome-project\src\/index.js:32:38)
    at Module._compile (node:internal/modules/cjs/loader:1159:14)
    at Module._compile (E:\youir\awesome-project\node_modules\pirates\lib\index.js:136:24)
    at Module._extensions..js (node:internal/modules/cjs/loader:1213:10)
    at Object.newLoader [as .js] (E:\youir\awesome-project\node_modules\pirates\lib\index.js:141:7)
    at Module.load (node:internal/modules/cjs/loader:1037:32)
    at Function.Module._load (node:internal/modules/cjs/loader:878:12)
    at Function.runMain (node:internal/modules/run_main:81:12)
    at Object.<anonymous> (E:\youir\awesome-project\node_modules\@babel\node\src\_babel-node.ts:223:12)
    at Module._compile (node:internal/modules/cjs/loader:1159:14)
    at Object.Module._extensions..js (node:internal/modules/cjs/loader:1213:10)
    at Module.load (node:internal/modules/cjs/loader:1037:32)
    at Function.Module._load (node:internal/modules/cjs/loader:878:12)
    at Function.executeUserEntryPoint [as runMain] (node:internal/modules/run_main:81:12)
    at node:internal/main/run_main_module:23:47 {"date":"Tue Jan 31 2023 00:48:55 GMT+0530 (India Standard Time)","error":{},"exception":true,"os":{"loadavg":[0,0,0],"uptime":1658680},"process":{"argv":["node","E:\\youir\\awesome-project\\src\\index.js"],"cwd":"E:\\youir\\awesome-project","execPath":"C:\\Program Files\\nodejs\\node.exe","gid":null,"memoryUsage":{"arrayBuffers":19104792,"external":20605374,"heapTotal":92958720,"heapUsed":58513160,"rss":130293760},"pid":23192,"uid":null,"version":"v18.12.1"},"stack":"ReferenceError: note is not defined\n    at routes (E:\\youir\\awesome-project\\src\\routes\\/index.js:16:24)\n    at Object.<anonymous> (E:\\youir\\awesome-project\\src\\/index.js:32:38)\n    at Module._compile (node:internal/modules/cjs/loader:1159:14)\n    at Module._compile (E:\\youir\\awesome-project\\node_modules\\pirates\\lib\\index.js:136:24)\n    at Module._extensions..js (node:internal/modules/cjs/loader:1213:10)\n    at Object.newLoader [as .js] (E:\\youir\\awesome-project\\node_modules\\pirates\\lib\\index.js:141:7)\n    at Module.load (node:internal/modules/cjs/loader:1037:32)\n    at Function.Module._load (node:internal/modules/cjs/loader:878:12)\n    at Function.runMain (node:internal/modules/run_main:81:12)\n    at Object.<anonymous> (E:\\youir\\awesome-project\\node_modules\\@babel\\node\\src\\_babel-node.ts:223:12)\n    at Module._compile (node:internal/modules/cjs/loader:1159:14)\n    at Object.Module._extensions..js (node:internal/modules/cjs/loader:1213:10)\n    at Module.load (node:internal/modules/cjs/loader:1037:32)\n    at Function.Module._load (node:internal/modules/cjs/loader:878:12)\n    at Function.executeUserEntryPoint [as runMain] (node:internal/modules/run_main:81:12)\n    at node:internal/main/run_main_module:23:47","trace":[{"column":24,"file":"E:\\youir\\awesome-project\\src\\routes\\/index.js","function":"routes","line":16,"method":null,"native":false},{"column":38,"file":"E:\\youir\\awesome-project\\src\\/index.js","function":null,"line":32,"method":null,"native":false},{"column":14,"file":"node:internal/modules/cjs/loader","function":"Module._compile","line":1159,"method":"_compile","native":false},{"column":24,"file":"E:\\youir\\awesome-project\\node_modules\\pirates\\lib\\index.js","function":"Module._compile","line":136,"method":"_compile","native":false},{"column":10,"file":"node:internal/modules/cjs/loader","function":"Module._extensions..js","line":1213,"method":".js","native":false},{"column":7,"file":"E:\\youir\\awesome-project\\node_modules\\pirates\\lib\\index.js","function":"Object.newLoader [as .js]","line":141,"method":"js]","native":false},{"column":32,"file":"node:internal/modules/cjs/loader","function":"Module.load","line":1037,"method":"load","native":false},{"column":12,"file":"node:internal/modules/cjs/loader","function":"Module._load","line":878,"method":"_load","native":false},{"column":12,"file":"node:internal/modules/run_main","function":"Function.runMain","line":81,"method":"runMain","native":false},{"column":12,"file":"E:\\youir\\awesome-project\\node_modules\\@babel\\node\\src\\_babel-node.ts","function":null,"line":223,"method":null,"native":false},{"column":14,"file":"node:internal/modules/cjs/loader","function":"Module._compile","line":1159,"method":"_compile","native":false},{"column":10,"file":"node:internal/modules/cjs/loader","function":"Module._extensions..js","line":1213,"method":".js","native":false},{"column":32,"file":"node:internal/modules/cjs/loader","function":"Module.load","line":1037,"method":"load","native":false},{"column":12,"file":"node:internal/modules/cjs/loader","function":"Module._load","line":878,"method":"_load","native":false},{"column":12,"file":"node:internal/modules/run_main","function":"Function.executeUserEntryPoint [as runMain]","line":81,"method":"executeUserEntryPoint [as runMain]","native":false},{"column":47,"file":"node:internal/main/run_main_module","function":null,"line":23,"method":null,"native":false}]}
error: uncaughtException: noteRoute is not defined
ReferenceError: noteRoute is not defined
    at routes (E:\youir\awesome-project\src\routes\/index.js:16:24)
    at Object.<anonymous> (E:\youir\awesome-project\src\/index.js:32:38)
    at Module._compile (node:internal/modules/cjs/loader:1159:14)
    at Module._compile (E:\youir\awesome-project\node_modules\pirates\lib\index.js:136:24)
    at Module._extensions..js (node:internal/modules/cjs/loader:1213:10)
    at Object.newLoader [as .js] (E:\youir\awesome-project\node_modules\pirates\lib\index.js:141:7)
    at Module.load (node:internal/modules/cjs/loader:1037:32)
    at Function.Module._load (node:internal/modules/cjs/loader:878:12)
    at Function.runMain (node:internal/modules/run_main:81:12)
    at Object.<anonymous> (E:\youir\awesome-project\node_modules\@babel\node\src\_babel-node.ts:223:12)
    at Module._compile (node:internal/modules/cjs/loader:1159:14)
    at Object.Module._extensions..js (node:internal/modules/cjs/loader:1213:10)
    at Module.load (node:internal/modules/cjs/loader:1037:32)
    at Function.Module._load (node:internal/modules/cjs/loader:878:12)
    at Function.executeUserEntryPoint [as runMain] (node:internal/modules/run_main:81:12)
    at node:internal/main/run_main_module:23:47 {"date":"Tue Jan 31 2023 00:49:16 GMT+0530 (India Standard Time)","error":{},"exception":true,"os":{"loadavg":[0,0,0],"uptime":1658701},"process":{"argv":["node","E:\\youir\\awesome-project\\src\\index.js"],"cwd":"E:\\youir\\awesome-project","execPath":"C:\\Program Files\\nodejs\\node.exe","gid":null,"memoryUsage":{"arrayBuffers":19104822,"external":20605404,"heapTotal":93220864,"heapUsed":58561160,"rss":129441792},"pid":22380,"uid":null,"version":"v18.12.1"},"stack":"ReferenceError: noteRoute is not defined\n    at routes (E:\\youir\\awesome-project\\src\\routes\\/index.js:16:24)\n    at Object.<anonymous> (E:\\youir\\awesome-project\\src\\/index.js:32:38)\n    at Module._compile (node:internal/modules/cjs/loader:1159:14)\n    at Module._compile (E:\\youir\\awesome-project\\node_modules\\pirates\\lib\\index.js:136:24)\n    at Module._extensions..js (node:internal/modules/cjs/loader:1213:10)\n    at Object.newLoader [as .js] (E:\\youir\\awesome-project\\node_modules\\pirates\\lib\\index.js:141:7)\n    at Module.load (node:internal/modules/cjs/loader:1037:32)\n    at Function.Module._load (node:internal/modules/cjs/loader:878:12)\n    at Function.runMain (node:internal/modules/run_main:81:12)\n    at Object.<anonymous> (E:\\youir\\awesome-project\\node_modules\\@babel\\node\\src\\_babel-node.ts:223:12)\n    at Module._compile (node:internal/modules/cjs/loader:1159:14)\n    at Object.Module._extensions..js (node:internal/modules/cjs/loader:1213:10)\n    at Module.load (node:internal/modules/cjs/loader:1037:32)\n    at Function.Module._load (node:internal/modules/cjs/loader:878:12)\n    at Function.executeUserEntryPoint [as runMain] (node:internal/modules/run_main:81:12)\n    at node:internal/main/run_main_module:23:47","trace":[{"column":24,"file":"E:\\youir\\awesome-project\\src\\routes\\/index.js","function":"routes","line":16,"method":null,"native":false},{"column":38,"file":"E:\\youir\\awesome-project\\src\\/index.js","function":null,"line":32,"method":null,"native":false},{"column":14,"file":"node:internal/modules/cjs/loader","function":"Module._compile","line":1159,"method":"_compile","native":false},{"column":24,"file":"E:\\youir\\awesome-project\\node_modules\\pirates\\lib\\index.js","function":"Module._compile","line":136,"method":"_compile","native":false},{"column":10,"file":"node:internal/modules/cjs/loader","function":"Module._extensions..js","line":1213,"method":".js","native":false},{"column":7,"file":"E:\\youir\\awesome-project\\node_modules\\pirates\\lib\\index.js","function":"Object.newLoader [as .js]","line":141,"method":"js]","native":false},{"column":32,"file":"node:internal/modules/cjs/loader","function":"Module.load","line":1037,"method":"load","native":false},{"column":12,"file":"node:internal/modules/cjs/loader","function":"Module._load","line":878,"method":"_load","native":false},{"column":12,"file":"node:internal/modules/run_main","function":"Function.runMain","line":81,"method":"runMain","native":false},{"column":12,"file":"E:\\youir\\awesome-project\\node_modules\\@babel\\node\\src\\_babel-node.ts","function":null,"line":223,"method":null,"native":false},{"column":14,"file":"node:internal/modules/cjs/loader","function":"Module._compile","line":1159,"method":"_compile","native":false},{"column":10,"file":"node:internal/modules/cjs/loader","function":"Module._extensions..js","line":1213,"method":".js","native":false},{"column":32,"file":"node:internal/modules/cjs/loader","function":"Module.load","line":1037,"method":"load","native":false},{"column":12,"file":"node:internal/modules/cjs/loader","function":"Module._load","line":878,"method":"_load","native":false},{"column":12,"file":"node:internal/modules/run_main","function":"Function.executeUserEntryPoint [as runMain]","line":81,"method":"executeUserEntryPoint [as runMain]","native":false},{"column":47,"file":"node:internal/main/run_main_module","function":null,"line":23,"method":null,"native":false}]}
error: uncaughtException: noteRoute is not defined
ReferenceError: noteRoute is not defined
    at routes (E:\youir\awesome-project\src\routes\/index.js:16:24)
    at Object.<anonymous> (E:\youir\awesome-project\src\/index.js:32:38)
    at Module._compile (node:internal/modules/cjs/loader:1159:14)
    at Module._compile (E:\youir\awesome-project\node_modules\pirates\lib\index.js:136:24)
    at Module._extensions..js (node:internal/modules/cjs/loader:1213:10)
    at Object.newLoader [as .js] (E:\youir\awesome-project\node_modules\pirates\lib\index.js:141:7)
    at Module.load (node:internal/modules/cjs/loader:1037:32)
    at Function.Module._load (node:internal/modules/cjs/loader:878:12)
    at Function.runMain (node:internal/modules/run_main:81:12)
    at Object.<anonymous> (E:\youir\awesome-project\node_modules\@babel\node\src\_babel-node.ts:223:12)
    at Module._compile (node:internal/modules/cjs/loader:1159:14)
    at Object.Module._extensions..js (node:internal/modules/cjs/loader:1213:10)
    at Module.load (node:internal/modules/cjs/loader:1037:32)
    at Function.Module._load (node:internal/modules/cjs/loader:878:12)
    at Function.executeUserEntryPoint [as runMain] (node:internal/modules/run_main:81:12)
    at node:internal/main/run_main_module:23:47 {"date":"Tue Jan 31 2023 00:50:17 GMT+0530 (India Standard Time)","error":{},"exception":true,"os":{"loadavg":[0,0,0],"uptime":1658762},"process":{"argv":["node","E:\\youir\\awesome-project\\src\\index.js"],"cwd":"E:\\youir\\awesome-project","execPath":"C:\\Program Files\\nodejs\\node.exe","gid":null,"memoryUsage":{"arrayBuffers":18744629,"external":20245211,"heapTotal":91385856,"heapUsed":48394216,"rss":128491520},"pid":10456,"uid":null,"version":"v18.12.1"},"stack":"ReferenceError: noteRoute is not defined\n    at routes (E:\\youir\\awesome-project\\src\\routes\\/index.js:16:24)\n    at Object.<anonymous> (E:\\youir\\awesome-project\\src\\/index.js:32:38)\n    at Module._compile (node:internal/modules/cjs/loader:1159:14)\n    at Module._compile (E:\\youir\\awesome-project\\node_modules\\pirates\\lib\\index.js:136:24)\n    at Module._extensions..js (node:internal/modules/cjs/loader:1213:10)\n    at Object.newLoader [as .js] (E:\\youir\\awesome-project\\node_modules\\pirates\\lib\\index.js:141:7)\n    at Module.load (node:internal/modules/cjs/loader:1037:32)\n    at Function.Module._load (node:internal/modules/cjs/loader:878:12)\n    at Function.runMain (node:internal/modules/run_main:81:12)\n    at Object.<anonymous> (E:\\youir\\awesome-project\\node_modules\\@babel\\node\\src\\_babel-node.ts:223:12)\n    at Module._compile (node:internal/modules/cjs/loader:1159:14)\n    at Object.Module._extensions..js (node:internal/modules/cjs/loader:1213:10)\n    at Module.load (node:internal/modules/cjs/loader:1037:32)\n    at Function.Module._load (node:internal/modules/cjs/loader:878:12)\n    at Function.executeUserEntryPoint [as runMain] (node:internal/modules/run_main:81:12)\n    at node:internal/main/run_main_module:23:47","trace":[{"column":24,"file":"E:\\youir\\awesome-project\\src\\routes\\/index.js","function":"routes","line":16,"method":null,"native":false},{"column":38,"file":"E:\\youir\\awesome-project\\src\\/index.js","function":null,"line":32,"method":null,"native":false},{"column":14,"file":"node:internal/modules/cjs/loader","function":"Module._compile","line":1159,"method":"_compile","native":false},{"column":24,"file":"E:\\youir\\awesome-project\\node_modules\\pirates\\lib\\index.js","function":"Module._compile","line":136,"method":"_compile","native":false},{"column":10,"file":"node:internal/modules/cjs/loader","function":"Module._extensions..js","line":1213,"method":".js","native":false},{"column":7,"file":"E:\\youir\\awesome-project\\node_modules\\pirates\\lib\\index.js","function":"Object.newLoader [as .js]","line":141,"method":"js]","native":false},{"column":32,"file":"node:internal/modules/cjs/loader","function":"Module.load","line":1037,"method":"load","native":false},{"column":12,"file":"node:internal/modules/cjs/loader","function":"Module._load","line":878,"method":"_load","native":false},{"column":12,"file":"node:internal/modules/run_main","function":"Function.runMain","line":81,"method":"runMain","native":false},{"column":12,"file":"E:\\youir\\awesome-project\\node_modules\\@babel\\node\\src\\_babel-node.ts","function":null,"line":223,"method":null,"native":false},{"column":14,"file":"node:internal/modules/cjs/loader","function":"Module._compile","line":1159,"method":"_compile","native":false},{"column":10,"file":"node:internal/modules/cjs/loader","function":"Module._extensions..js","line":1213,"method":".js","native":false},{"column":32,"file":"node:internal/modules/cjs/loader","function":"Module.load","line":1037,"method":"load","native":false},{"column":12,"file":"node:internal/modules/cjs/loader","function":"Module._load","line":878,"method":"_load","native":false},{"column":12,"file":"node:internal/modules/run_main","function":"Function.executeUserEntryPoint [as runMain]","line":81,"method":"executeUserEntryPoint [as runMain]","native":false},{"column":47,"file":"node:internal/main/run_main_module","function":null,"line":23,"method":null,"native":false}]}
error: uncaughtException: noteRoute is not defined
ReferenceError: noteRoute is not defined
    at routes (E:\youir\awesome-project\src\routes\/index.js:16:24)
    at Object.<anonymous> (E:\youir\awesome-project\src\/index.js:32:38)
    at Module._compile (node:internal/modules/cjs/loader:1159:14)
    at Module._compile (E:\youir\awesome-project\node_modules\pirates\lib\index.js:136:24)
    at Module._extensions..js (node:internal/modules/cjs/loader:1213:10)
    at Object.newLoader [as .js] (E:\youir\awesome-project\node_modules\pirates\lib\index.js:141:7)
    at Module.load (node:internal/modules/cjs/loader:1037:32)
    at Function.Module._load (node:internal/modules/cjs/loader:878:12)
    at Function.runMain (node:internal/modules/run_main:81:12)
    at Object.<anonymous> (E:\youir\awesome-project\node_modules\@babel\node\src\_babel-node.ts:223:12)
    at Module._compile (node:internal/modules/cjs/loader:1159:14)
    at Object.Module._extensions..js (node:internal/modules/cjs/loader:1213:10)
    at Module.load (node:internal/modules/cjs/loader:1037:32)
    at Function.Module._load (node:internal/modules/cjs/loader:878:12)
    at Function.executeUserEntryPoint [as runMain] (node:internal/modules/run_main:81:12)
    at node:internal/main/run_main_module:23:47 {"date":"Tue Jan 31 2023 00:50:24 GMT+0530 (India Standard Time)","error":{},"exception":true,"os":{"loadavg":[0,0,0],"uptime":1658769},"process":{"argv":["node","E:\\youir\\awesome-project\\src\\index.js"],"cwd":"E:\\youir\\awesome-project","execPath":"C:\\Program Files\\nodejs\\node.exe","gid":null,"memoryUsage":{"arrayBuffers":18736437,"external":20237019,"heapTotal":91123712,"heapUsed":48416904,"rss":128401408},"pid":18052,"uid":null,"version":"v18.12.1"},"stack":"ReferenceError: noteRoute is not defined\n    at routes (E:\\youir\\awesome-project\\src\\routes\\/index.js:16:24)\n    at Object.<anonymous> (E:\\youir\\awesome-project\\src\\/index.js:32:38)\n    at Module._compile (node:internal/modules/cjs/loader:1159:14)\n    at Module._compile (E:\\youir\\awesome-project\\node_modules\\pirates\\lib\\index.js:136:24)\n    at Module._extensions..js (node:internal/modules/cjs/loader:1213:10)\n    at Object.newLoader [as .js] (E:\\youir\\awesome-project\\node_modules\\pirates\\lib\\index.js:141:7)\n    at Module.load (node:internal/modules/cjs/loader:1037:32)\n    at Function.Module._load (node:internal/modules/cjs/loader:878:12)\n    at Function.runMain (node:internal/modules/run_main:81:12)\n    at Object.<anonymous> (E:\\youir\\awesome-project\\node_modules\\@babel\\node\\src\\_babel-node.ts:223:12)\n    at Module._compile (node:internal/modules/cjs/loader:1159:14)\n    at Object.Module._extensions..js (node:internal/modules/cjs/loader:1213:10)\n    at Module.load (node:internal/modules/cjs/loader:1037:32)\n    at Function.Module._load (node:internal/modules/cjs/loader:878:12)\n    at Function.executeUserEntryPoint [as runMain] (node:internal/modules/run_main:81:12)\n    at node:internal/main/run_main_module:23:47","trace":[{"column":24,"file":"E:\\youir\\awesome-project\\src\\routes\\/index.js","function":"routes","line":16,"method":null,"native":false},{"column":38,"file":"E:\\youir\\awesome-project\\src\\/index.js","function":null,"line":32,"method":null,"native":false},{"column":14,"file":"node:internal/modules/cjs/loader","function":"Module._compile","line":1159,"method":"_compile","native":false},{"column":24,"file":"E:\\youir\\awesome-project\\node_modules\\pirates\\lib\\index.js","function":"Module._compile","line":136,"method":"_compile","native":false},{"column":10,"file":"node:internal/modules/cjs/loader","function":"Module._extensions..js","line":1213,"method":".js","native":false},{"column":7,"file":"E:\\youir\\awesome-project\\node_modules\\pirates\\lib\\index.js","function":"Object.newLoader [as .js]","line":141,"method":"js]","native":false},{"column":32,"file":"node:internal/modules/cjs/loader","function":"Module.load","line":1037,"method":"load","native":false},{"column":12,"file":"node:internal/modules/cjs/loader","function":"Module._load","line":878,"method":"_load","native":false},{"column":12,"file":"node:internal/modules/run_main","function":"Function.runMain","line":81,"method":"runMain","native":false},{"column":12,"file":"E:\\youir\\awesome-project\\node_modules\\@babel\\node\\src\\_babel-node.ts","function":null,"line":223,"method":null,"native":false},{"column":14,"file":"node:internal/modules/cjs/loader","function":"Module._compile","line":1159,"method":"_compile","native":false},{"column":10,"file":"node:internal/modules/cjs/loader","function":"Module._extensions..js","line":1213,"method":".js","native":false},{"column":32,"file":"node:internal/modules/cjs/loader","function":"Module.load","line":1037,"method":"load","native":false},{"column":12,"file":"node:internal/modules/cjs/loader","function":"Module._load","line":878,"method":"_load","native":false},{"column":12,"file":"node:internal/modules/run_main","function":"Function.executeUserEntryPoint [as runMain]","line":81,"method":"executeUserEntryPoint [as runMain]","native":false},{"column":47,"file":"node:internal/main/run_main_module","function":null,"line":23,"method":null,"native":false}]}
info: ::1 - - [30/Jan/2023:19:35:08 +0000] "POST /api/v1/notes/create HTTP/1.1" 500 56 "-" "PostmanRuntime/7.30.0"

info: ::1 - - [30/Jan/2023:19:35:29 +0000] "POST /api/v1/notes/create HTTP/1.1" 200 234 "-" "PostmanRuntime/7.30.0"

info: ::1 - - [30/Jan/2023:19:36:31 +0000] "GET /api/v1/notes/63d81c01b257724b6024e35f HTTP/1.1" 202 234 "-" "PostmanRuntime/7.30.0"

info: ::1 - - [30/Jan/2023:19:37:36 +0000] "PUT /api/v1/notes/63d81c01b257724b6024e35f HTTP/1.1" 202 239 "-" "PostmanRuntime/7.30.0"

info: ::1 - - [31/Jan/2023:10:47:16 +0000] "POST /api/v1/notes HTTP/1.1" 200 267 "-" "PostmanRuntime/7.30.0"

info: ::1 - - [31/Jan/2023:10:58:40 +0000] "GET /api/v1/notes/getall HTTP/1.1" 500 55 "-" "PostmanRuntime/7.30.0"

info: ::1 - - [31/Jan/2023:10:59:57 +0000] "GET /api/v1/notes/getall HTTP/1.1" 500 56 "-" "PostmanRuntime/7.30.0"

info: ::1 - - [31/Jan/2023:11:02:50 +0000] "POST /api/v1/notes HTTP/1.1" 200 267 "-" "PostmanRuntime/7.30.0"

info: ::1 - - [31/Jan/2023:11:03:20 +0000] "GET /api/v1/notes/12223@mail.com HTTP/1.1" 500 56 "-" "PostmanRuntime/7.30.0"

info: ::1 - - [31/Jan/2023:11:13:41 +0000] "GET /api/v1/notes/12223@mail.com HTTP/1.1" 500 56 "-" "PostmanRuntime/7.30.0"

info: ::1 - - [31/Jan/2023:11:15:16 +0000] "GET /api/v1/notes/12223@mail.com HTTP/1.1" 202 246 "-" "PostmanRuntime/7.30.0"

info: ::1 - - [31/Jan/2023:11:15:51 +0000] "GET /api/v1/notes/12223@mail.com HTTP/1.1" 202 246 "-" "PostmanRuntime/7.30.0"

info: ::1 - - [31/Jan/2023:11:16:40 +0000] "POST /api/v1/notes/ HTTP/1.1" 200 270 "-" "PostmanRuntime/7.30.0"

info: ::1 - - [31/Jan/2023:11:17:18 +0000] "GET /api/v1/notes/12223@mail.com HTTP/1.1" 202 246 "-" "PostmanRuntime/7.30.0"

info: ::1 - - [31/Jan/2023:11:24:04 +0000] "GET /api/v1/notes/12223@mail.com HTTP/1.1" 200 246 "-" "PostmanRuntime/7.30.0"

info: ::1 - - [31/Jan/2023:11:28:57 +0000] "GET /api/v1/notes/12223@mail.com HTTP/1.1" 200 246 "-" "PostmanRuntime/7.30.0"

info: ::1 - - [31/Jan/2023:11:49:56 +0000] "GET /api/v1/notes/12223@mail.com HTTP/1.1" 200 246 "-" "PostmanRuntime/7.30.0"

info: ::1 - - [31/Jan/2023:11:53:26 +0000] "GET /api/v1/notes/12223@mail.com HTTP/1.1" 200 246 "-" "PostmanRuntime/7.30.0"

info: ::1 - - [31/Jan/2023:11:56:18 +0000] "GET /api/v1/notes/12223@mail.com HTTP/1.1" 200 244 "-" "PostmanRuntime/7.30.0"

info: ::1 - - [31/Jan/2023:11:57:50 +0000] "GET /api/v1/notes/12223@mail.com HTTP/1.1" 200 272 "-" "PostmanRuntime/7.30.0"

info: ::1 - - [31/Jan/2023:18:40:31 +0000] "GET /api/v1/notes/ HTTP/1.1" 202 62 "-" "PostmanRuntime/7.30.0"

info: ::1 - - [31/Jan/2023:18:41:20 +0000] "GET /api/v1/notes/ HTTP/1.1" 202 62 "-" "PostmanRuntime/7.30.0"

info: ::1 - - [31/Jan/2023:18:42:42 +0000] "GET /api/v1/notes/ HTTP/1.1" 202 62 "-" "PostmanRuntime/7.30.0"

info: ::1 - - [31/Jan/2023:18:42:45 +0000] "GET /api/v1/notes/ HTTP/1.1" 202 62 "-" "PostmanRuntime/7.30.0"

info: ::1 - - [31/Jan/2023:18:43:52 +0000] "GET /api/v1/notes/ HTTP/1.1" 202 62 "-" "PostmanRuntime/7.30.0"

info: ::1 - - [31/Jan/2023:18:43:54 +0000] "GET /api/v1/notes/ HTTP/1.1" 202 62 "-" "PostmanRuntime/7.30.0"

info: ::1 - - [31/Jan/2023:18:44:49 +0000] "GET /api/v1/notes/ HTTP/1.1" 202 62 "-" "PostmanRuntime/7.30.0"

info: ::1 - - [31/Jan/2023:18:44:51 +0000] "GET /api/v1/notes/ HTTP/1.1" 202 62 "-" "PostmanRuntime/7.30.0"

info: ::1 - - [31/Jan/2023:18:44:53 +0000] "GET /api/v1/notes/ HTTP/1.1" 202 62 "-" "PostmanRuntime/7.30.0"

info: ::1 - - [31/Jan/2023:18:45:31 +0000] "GET /api/v1/notes/ HTTP/1.1" 202 62 "-" "PostmanRuntime/7.30.0"

info: ::1 - - [31/Jan/2023:18:47:20 +0000] "GET /api/v1/notes/ HTTP/1.1" 202 62 "-" "PostmanRuntime/7.30.0"

info: ::1 - - [31/Jan/2023:18:47:21 +0000] "GET /api/v1/notes/ HTTP/1.1" 202 62 "-" "PostmanRuntime/7.30.0"

info: ::1 - - [31/Jan/2023:18:48:23 +0000] "GET /api/v1/notes/ HTTP/1.1" 200 244 "-" "PostmanRuntime/7.30.0"

info: ::1 - - [31/Jan/2023:18:49:31 +0000] "GET /api/v1/notes/ HTTP/1.1" 200 246 "-" "PostmanRuntime/7.30.0"

info: ::1 - - [31/Jan/2023:18:52:02 +0000] "GET /api/v1/notes/ HTTP/1.1" 200 246 "-" "PostmanRuntime/7.30.0"

info: ::1 - - [31/Jan/2023:19:24:11 +0000] "GET /api/v1/notes/ HTTP/1.1" 200 246 "-" "PostmanRuntime/7.30.0"

info: ::1 - - [31/Jan/2023:19:34:45 +0000] "GET /api/v1/notes/ HTTP/1.1" 500 89 "-" "PostmanRuntime/7.30.0"

info: ::1 - - [31/Jan/2023:19:37:34 +0000] "GET /api/v1/notes/ HTTP/1.1" 200 697 "-" "PostmanRuntime/7.30.0"

info: ::1 - - [31/Jan/2023:19:48:51 +0000] "PUT /api/v1/notes/12223@mail.com/isArchive HTTP/1.1" 500 186 "-" "PostmanRuntime/7.30.0"

info: ::1 - - [31/Jan/2023:19:50:18 +0000] "PUT /api/v1/notes/12223@mail.com/isArchive HTTP/1.1" 500 56 "-" "PostmanRuntime/7.30.0"

info: ::1 - - [31/Jan/2023:19:50:23 +0000] "PUT /api/v1/notes/12223@mail.com/isArchive HTTP/1.1" 500 56 "-" "PostmanRuntime/7.30.0"

info: ::1 - - [31/Jan/2023:19:53:28 +0000] "PUT /api/v1/notes/12223@mail.com/isArchive HTTP/1.1" 500 56 "-" "PostmanRuntime/7.30.0"

info: ::1 - - [31/Jan/2023:19:53:30 +0000] "PUT /api/v1/notes/12223@mail.com/isArchive HTTP/1.1" 500 56 "-" "PostmanRuntime/7.30.0"

info: ::1 - - [31/Jan/2023:19:53:31 +0000] "PUT /api/v1/notes/12223@mail.com/isArchive HTTP/1.1" 500 56 "-" "PostmanRuntime/7.30.0"

info: ::1 - - [31/Jan/2023:20:06:22 +0000] "PUT /api/v1/notes/12223@mail.com/Archive HTTP/1.1" 500 186 "-" "PostmanRuntime/7.30.0"

info: ::1 - - [31/Jan/2023:20:07:21 +0000] "PUT /api/v1/notes/12223@mail.com/Archive HTTP/1.1" 500 277 "-" "PostmanRuntime/7.30.0"

info: ::1 - - [31/Jan/2023:20:07:47 +0000] "GET /api/v1/notes HTTP/1.1" 200 697 "-" "PostmanRuntime/7.30.0"

info: ::1 - - [31/Jan/2023:20:08:39 +0000] "PUT /api/v1/notes/63d8f898bc23236288244e9f/Archive HTTP/1.1" 202 271 "-" "PostmanRuntime/7.30.0"

info: ::1 - - [31/Jan/2023:20:14:02 +0000] "PUT /api/v1/notes/63d8f898bc23236288244e9f/Archive HTTP/1.1" 202 287 "-" "PostmanRuntime/7.30.0"

info: ::1 - - [31/Jan/2023:20:14:35 +0000] "PUT /api/v1/notes/63d8f898bc23236288244e9f/Archive HTTP/1.1" 202 271 "-" "PostmanRuntime/7.30.0"

info: ::1 - - [31/Jan/2023:20:20:49 +0000] "PUT /api/v1/notes/63d8f898bc23236288244e9f/Archive HTTP/1.1" 202 287 "-" "PostmanRuntime/7.30.0"

info: ::1 - - [31/Jan/2023:20:21:35 +0000] "PUT /api/v1/notes/63d8f898bc23236288244e9f/Archive HTTP/1.1" 202 287 "-" "PostmanRuntime/7.30.0"

info: ::1 - - [31/Jan/2023:20:21:38 +0000] "PUT /api/v1/notes/63d8f898bc23236288244e9f/Archive HTTP/1.1" 202 287 "-" "PostmanRuntime/7.30.0"

info: ::1 - - [31/Jan/2023:20:22:25 +0000] "PUT /api/v1/notes/63d8f898bc23236288244e9f/Archive HTTP/1.1" 202 287 "-" "PostmanRuntime/7.30.0"

info: ::1 - - [31/Jan/2023:20:22:28 +0000] "PUT /api/v1/notes/63d8f898bc23236288244e9f/Archive HTTP/1.1" 202 287 "-" "PostmanRuntime/7.30.0"

info: ::1 - - [31/Jan/2023:20:40:10 +0000] "PUT /api/v1/notes/63d8f898bc23236288244e9f/Archive HTTP/1.1" 202 287 "-" "PostmanRuntime/7.30.0"

info: ::1 - - [31/Jan/2023:22:04:28 +0000] "PUT /api/v1/notes/router.put('/archive/63d8f898bc23236288244e9f HTTP/1.1" 404 47 "-" "PostmanRuntime/7.30.0"

info: ::1 - - [31/Jan/2023:22:04:44 +0000] "PUT /api/v1/notes/archive/63d8f898bc23236288244e9f HTTP/1.1" 202 263 "-" "PostmanRuntime/7.30.0"

info: ::1 - - [31/Jan/2023:22:05:39 +0000] "PUT /api/v1/notes/archive/recover/63d8f898bc23236288244e9f HTTP/1.1" 202 262 "-" "PostmanRuntime/7.30.0"

info: ::1 - - [31/Jan/2023:22:06:50 +0000] "PUT /api/v1/notes/trash/63d8f898bc23236288244e9f HTTP/1.1" 202 263 "-" "PostmanRuntime/7.30.0"

info: ::1 - - [31/Jan/2023:22:07:39 +0000] "PUT /api/v1/notes/trash/recover/63d8f898bc23236288244e9f HTTP/1.1" 202 276 "-" "PostmanRuntime/7.30.0"

info: ::1 - - [31/Jan/2023:22:12:09 +0000] "GET /api/v1/notes/ HTTP/1.1" 200 759 "-" "PostmanRuntime/7.30.0"

info: ::1 - - [01/Feb/2023:03:48:27 +0000] "GET /api/v1/notes/ HTTP/1.1" 200 759 "-" "PostmanRuntime/7.30.0"

info: ::1 - - [01/Feb/2023:04:00:29 +0000] "PUT /api/v1/notes/archive/63d8f898bc23236288244e9f HTTP/1.1" 202 277 "-" "PostmanRuntime/7.30.0"

info: ::1 - - [01/Feb/2023:04:01:12 +0000] "GET /api/v1/notes/ HTTP/1.1" 200 786 "-" "PostmanRuntime/7.30.0"

info: ::1 - - [01/Feb/2023:04:02:34 +0000] "GET /api/v1/notes/ HTTP/1.1" 200 739 "-" "PostmanRuntime/7.30.0"

info: ::1 - - [01/Feb/2023:04:04:01 +0000] "GET /api/v1/notes/ HTTP/1.1" 200 739 "-" "PostmanRuntime/7.30.0"

info: ::1 - - [01/Feb/2023:04:05:19 +0000] "PUT /api/v1/notes/trash/63d8f898bc23236288244e9f HTTP/1.1" 202 276 "-" "PostmanRuntime/7.30.0"

info: ::1 - - [01/Feb/2023:04:05:39 +0000] "GET /api/v1/notes/ HTTP/1.1" 200 738 "-" "PostmanRuntime/7.30.0"

info: ::1 - - [01/Feb/2023:04:07:50 +0000] "GET /api/v1/notes/ HTTP/1.1" 200 65 "-" "PostmanRuntime/7.30.0"

info: ::1 - - [01/Feb/2023:04:10:49 +0000] "GET /api/v1/notes/ HTTP/1.1" 200 65 "-" "PostmanRuntime/7.30.0"

info: ::1 - - [01/Feb/2023:04:12:07 +0000] "GET /api/v1/notes/ HTTP/1.1" 500 54 "-" "PostmanRuntime/7.30.0"

info: ::1 - - [01/Feb/2023:04:12:41 +0000] "GET /api/v1/notes/ HTTP/1.1" 200 65 "-" "PostmanRuntime/7.30.0"

info: ::1 - - [01/Feb/2023:04:16:02 +0000] "GET /api/v1/notes/ HTTP/1.1" 200 65 "-" "PostmanRuntime/7.30.0"

info: ::1 - - [01/Feb/2023:04:16:04 +0000] "GET /api/v1/notes/ HTTP/1.1" 200 65 "-" "PostmanRuntime/7.30.0"

info: ::1 - - [01/Feb/2023:04:16:07 +0000] "GET /api/v1/notes/ HTTP/1.1" 200 65 "-" "PostmanRuntime/7.30.0"

info: ::1 - - [01/Feb/2023:04:17:59 +0000] "GET /api/v1/notes/ HTTP/1.1" 200 65 "-" "PostmanRuntime/7.30.0"

info: ::1 - - [01/Feb/2023:04:18:12 +0000] "GET /api/v1/notes/ HTTP/1.1" 200 65 "-" "PostmanRuntime/7.30.0"

info: ::1 - - [01/Feb/2023:04:21:34 +0000] "GET /api/v1/notes/ HTTP/1.1" 500 55 "-" "PostmanRuntime/7.30.0"

info: ::1 - - [01/Feb/2023:04:22:19 +0000] "GET /api/v1/notes/ HTTP/1.1" 200 65 "-" "PostmanRuntime/7.30.0"

info: ::1 - - [01/Feb/2023:04:23:01 +0000] "GET /api/v1/notes/ HTTP/1.1" 200 738 "-" "PostmanRuntime/7.30.0"

info: ::1 - - [01/Feb/2023:04:26:14 +0000] "GET /api/v1/notes/ HTTP/1.1" 200 738 "-" "PostmanRuntime/7.30.0"

info: ::1 - - [01/Feb/2023:04:30:15 +0000] "GET /api/v1/notes/ HTTP/1.1" 200 738 "-" "PostmanRuntime/7.30.0"

info: ::1 - - [01/Feb/2023:04:32:23 +0000] "GET /api/v1/notes/ HTTP/1.1" 200 738 "-" "PostmanRuntime/7.30.0"

info: ::1 - - [01/Feb/2023:04:34:20 +0000] "GET /api/v1/notes/ HTTP/1.1" 200 65 "-" "PostmanRuntime/7.30.0"

info: ::1 - - [01/Feb/2023:04:37:46 +0000] "POST /api/v1/users/UserRegistration HTTP/1.1" 200 65 "-" "PostmanRuntime/7.30.0"

info: ::1 - - [01/Feb/2023:04:38:44 +0000] "POST /api/v1/users//Userlogin HTTP/1.1" 200 208 "-" "PostmanRuntime/7.30.0"

info: ::1 - - [01/Feb/2023:04:40:53 +0000] "POST /api/v1/notes HTTP/1.1" 500 56 "-" "PostmanRuntime/7.30.0"

info: ::1 - - [01/Feb/2023:04:41:04 +0000] "POST /api/v1/notes HTTP/1.1" 201 345 "-" "PostmanRuntime/7.30.0"

info: ::1 - - [01/Feb/2023:04:41:24 +0000] "POST /api/v1/notes HTTP/1.1" 201 342 "-" "PostmanRuntime/7.30.0"

info: ::1 - - [01/Feb/2023:04:41:38 +0000] "POST /api/v1/notes HTTP/1.1" 201 345 "-" "PostmanRuntime/7.30.0"

info: ::1 - - [01/Feb/2023:04:41:49 +0000] "GET /api/v1/notes/ HTTP/1.1" 200 925 "-" "PostmanRuntime/7.30.0"

info: ::1 - - [01/Feb/2023:04:42:56 +0000] "PUT /api/v1/notes/trash/63d9ed5f148b6656000eb695 HTTP/1.1" 202 322 "-" "PostmanRuntime/7.30.0"

info: ::1 - - [01/Feb/2023:04:43:47 +0000] "GET /api/v1/notes/ HTTP/1.1" 200 637 "-" "PostmanRuntime/7.30.0"

info: ::1 - - [01/Feb/2023:04:45:58 +0000] "PUT /api/v1/notes/trash/63d9ed5f148b6656000eb695 HTTP/1.1" 202 321 "-" "PostmanRuntime/7.30.0"

info: ::1 - - [01/Feb/2023:05:12:22 +0000] "GET /api/v1/notes/ HTTP/1.1" 200 637 "-" "PostmanRuntime/7.30.0"

info: ::1 - - [01/Feb/2023:05:12:46 +0000] "PUT /api/v1/notes/trash/63d9ed74148b6656000eb697 HTTP/1.1" 202 319 "-" "PostmanRuntime/7.30.0"

info: ::1 - - [01/Feb/2023:05:26:16 +0000] "PUT /api/v1/notes/trash/63d9ed74148b6656000eb697 HTTP/1.1" 202 318 "-" "PostmanRuntime/7.30.0"

error: uncaughtException: _id is not defined
ReferenceError: _id is not defined
    at E:\youir\awesome-project\src\services\/note.service.js:54:26
    at new Promise (<anonymous>)
    at Object.<anonymous> (E:\youir\awesome-project\src\services\/note.service.js:52:22)
    at Module._compile (node:internal/modules/cjs/loader:1159:14)
    at Module._compile (E:\youir\awesome-project\node_modules\pirates\lib\index.js:136:24)
    at Module._extensions..js (node:internal/modules/cjs/loader:1213:10)
    at Object.newLoader [as .js] (E:\youir\awesome-project\node_modules\pirates\lib\index.js:141:7)
    at Module.load (node:internal/modules/cjs/loader:1037:32)
    at Function.Module._load (node:internal/modules/cjs/loader:878:12)
    at Module.require (node:internal/modules/cjs/loader:1061:19)
    at require (node:internal/modules/cjs/helpers:103:18)
    at Object.<anonymous> (E:\youir\awesome-project\src\controllers\/note.controller.js:2:1)
    at Module._compile (node:internal/modules/cjs/loader:1159:14)
    at Module._compile (E:\youir\awesome-project\node_modules\pirates\lib\index.js:136:24)
    at Module._extensions..js (node:internal/modules/cjs/loader:1213:10)
    at Object.newLoader [as .js] (E:\youir\awesome-project\node_modules\pirates\lib\index.js:141:7)
    at Module.load (node:internal/modules/cjs/loader:1037:32)
    at Function.Module._load (node:internal/modules/cjs/loader:878:12)
    at Module.require (node:internal/modules/cjs/loader:1061:19)
    at require (node:internal/modules/cjs/helpers:103:18)
    at Object.<anonymous> (E:\youir\awesome-project\src\routes\/note.route.js:2:1)
    at Module._compile (node:internal/modules/cjs/loader:1159:14)
    at Module._compile (E:\youir\awesome-project\node_modules\pirates\lib\index.js:136:24)
    at Module._extensions..js (node:internal/modules/cjs/loader:1213:10)
    at Object.newLoader [as .js] (E:\youir\awesome-project\node_modules\pirates\lib\index.js:141:7)
    at Module.load (node:internal/modules/cjs/loader:1037:32)
    at Function.Module._load (node:internal/modules/cjs/loader:878:12)
    at Module.require (node:internal/modules/cjs/loader:1061:19)
    at require (node:internal/modules/cjs/helpers:103:18)
    at Object.<anonymous> (E:\youir\awesome-project\src\routes\/index.js:3:1)
    at Module._compile (node:internal/modules/cjs/loader:1159:14)
    at Module._compile (E:\youir\awesome-project\node_modules\pirates\lib\index.js:136:24)
    at Module._extensions..js (node:internal/modules/cjs/loader:1213:10)
    at Object.newLoader [as .js] (E:\youir\awesome-project\node_modules\pirates\lib\index.js:141:7)
    at Module.load (node:internal/modules/cjs/loader:1037:32)
    at Function.Module._load (node:internal/modules/cjs/loader:878:12)
    at Module.require (node:internal/modules/cjs/loader:1061:19)
    at require (node:internal/modules/cjs/helpers:103:18)
    at Object.<anonymous> (E:\youir\awesome-project\src\/index.js:8:1)
    at Module._compile (node:internal/modules/cjs/loader:1159:14)
    at Module._compile (E:\youir\awesome-project\node_modules\pirates\lib\index.js:136:24)
    at Module._extensions..js (node:internal/modules/cjs/loader:1213:10)
    at Object.newLoader [as .js] (E:\youir\awesome-project\node_modules\pirates\lib\index.js:141:7)
    at Module.load (node:internal/modules/cjs/loader:1037:32)
    at Function.Module._load (node:internal/modules/cjs/loader:878:12)
    at Function.runMain (node:internal/modules/run_main:81:12)
    at Object.<anonymous> (E:\youir\awesome-project\node_modules\@babel\node\src\_babel-node.ts:223:12)
    at Module._compile (node:internal/modules/cjs/loader:1159:14)
    at Object.Module._extensions..js (node:internal/modules/cjs/loader:1213:10)
    at Module.load (node:internal/modules/cjs/loader:1037:32)
    at Function.Module._load (node:internal/modules/cjs/loader:878:12)
    at Function.executeUserEntryPoint [as runMain] (node:internal/modules/run_main:81:12)
    at node:internal/main/run_main_module:23:47 {"date":"Wed Feb 01 2023 14:34:40 GMT+0530 (India Standard Time)","error":{},"exception":true,"os":{"loadavg":[0,0,0],"uptime":1794622},"process":{"argv":["node","E:\\youir\\awesome-project\\src\\index.js"],"cwd":"E:\\youir\\awesome-project","execPath":"C:\\Program Files\\nodejs\\node.exe","gid":null,"memoryUsage":{"arrayBuffers":18378104,"external":19897781,"heapTotal":92696576,"heapUsed":51088768,"rss":129839104},"pid":1884,"uid":null,"version":"v18.12.1"},"stack":"ReferenceError: _id is not defined\n    at E:\\youir\\awesome-project\\src\\services\\/note.service.js:54:26\n    at new Promise (<anonymous>)\n    at Object.<anonymous> (E:\\youir\\awesome-project\\src\\services\\/note.service.js:52:22)\n    at Module._compile (node:internal/modules/cjs/loader:1159:14)\n    at Module._compile (E:\\youir\\awesome-project\\node_modules\\pirates\\lib\\index.js:136:24)\n    at Module._extensions..js (node:internal/modules/cjs/loader:1213:10)\n    at Object.newLoader [as .js] (E:\\youir\\awesome-project\\node_modules\\pirates\\lib\\index.js:141:7)\n    at Module.load (node:internal/modules/cjs/loader:1037:32)\n    at Function.Module._load (node:internal/modules/cjs/loader:878:12)\n    at Module.require (node:internal/modules/cjs/loader:1061:19)\n    at require (node:internal/modules/cjs/helpers:103:18)\n    at Object.<anonymous> (E:\\youir\\awesome-project\\src\\controllers\\/note.controller.js:2:1)\n    at Module._compile (node:internal/modules/cjs/loader:1159:14)\n    at Module._compile (E:\\youir\\awesome-project\\node_modules\\pirates\\lib\\index.js:136:24)\n    at Module._extensions..js (node:internal/modules/cjs/loader:1213:10)\n    at Object.newLoader [as .js] (E:\\youir\\awesome-project\\node_modules\\pirates\\lib\\index.js:141:7)\n    at Module.load (node:internal/modules/cjs/loader:1037:32)\n    at Function.Module._load (node:internal/modules/cjs/loader:878:12)\n    at Module.require (node:internal/modules/cjs/loader:1061:19)\n    at require (node:internal/modules/cjs/helpers:103:18)\n    at Object.<anonymous> (E:\\youir\\awesome-project\\src\\routes\\/note.route.js:2:1)\n    at Module._compile (node:internal/modules/cjs/loader:1159:14)\n    at Module._compile (E:\\youir\\awesome-project\\node_modules\\pirates\\lib\\index.js:136:24)\n    at Module._extensions..js (node:internal/modules/cjs/loader:1213:10)\n    at Object.newLoader [as .js] (E:\\youir\\awesome-project\\node_modules\\pirates\\lib\\index.js:141:7)\n    at Module.load (node:internal/modules/cjs/loader:1037:32)\n    at Function.Module._load (node:internal/modules/cjs/loader:878:12)\n    at Module.require (node:internal/modules/cjs/loader:1061:19)\n    at require (node:internal/modules/cjs/helpers:103:18)\n    at Object.<anonymous> (E:\\youir\\awesome-project\\src\\routes\\/index.js:3:1)\n    at Module._compile (node:internal/modules/cjs/loader:1159:14)\n    at Module._compile (E:\\youir\\awesome-project\\node_modules\\pirates\\lib\\index.js:136:24)\n    at Module._extensions..js (node:internal/modules/cjs/loader:1213:10)\n    at Object.newLoader [as .js] (E:\\youir\\awesome-project\\node_modules\\pirates\\lib\\index.js:141:7)\n    at Module.load (node:internal/modules/cjs/loader:1037:32)\n    at Function.Module._load (node:internal/modules/cjs/loader:878:12)\n    at Module.require (node:internal/modules/cjs/loader:1061:19)\n    at require (node:internal/modules/cjs/helpers:103:18)\n    at Object.<anonymous> (E:\\youir\\awesome-project\\src\\/index.js:8:1)\n    at Module._compile (node:internal/modules/cjs/loader:1159:14)\n    at Module._compile (E:\\youir\\awesome-project\\node_modules\\pirates\\lib\\index.js:136:24)\n    at Module._extensions..js (node:internal/modules/cjs/loader:1213:10)\n    at Object.newLoader [as .js] (E:\\youir\\awesome-project\\node_modules\\pirates\\lib\\index.js:141:7)\n    at Module.load (node:internal/modules/cjs/loader:1037:32)\n    at Function.Module._load (node:internal/modules/cjs/loader:878:12)\n    at Function.runMain (node:internal/modules/run_main:81:12)\n    at Object.<anonymous> (E:\\youir\\awesome-project\\node_modules\\@babel\\node\\src\\_babel-node.ts:223:12)\n    at Module._compile (node:internal/modules/cjs/loader:1159:14)\n    at Object.Module._extensions..js (node:internal/modules/cjs/loader:1213:10)\n    at Module.load (node:internal/modules/cjs/loader:1037:32)\n    at Function.Module._load (node:internal/modules/cjs/loader:878:12)\n    at Function.executeUserEntryPoint [as runMain] (node:internal/modules/run_main:81:12)\n    at node:internal/main/run_main_module:23:47","trace":[{"column":26,"file":"E:\\youir\\awesome-project\\src\\services\\/note.service.js","function":null,"line":54,"method":null,"native":false},{"column":null,"file":null,"function":"new Promise","line":null,"method":null,"native":false},{"column":22,"file":"E:\\youir\\awesome-project\\src\\services\\/note.service.js","function":null,"line":52,"method":null,"native":false},{"column":14,"file":"node:internal/modules/cjs/loader","function":"Module._compile","line":1159,"method":"_compile","native":false},{"column":24,"file":"E:\\youir\\awesome-project\\node_modules\\pirates\\lib\\index.js","function":"Module._compile","line":136,"method":"_compile","native":false},{"column":10,"file":"node:internal/modules/cjs/loader","function":"Module._extensions..js","line":1213,"method":".js","native":false},{"column":7,"file":"E:\\youir\\awesome-project\\node_modules\\pirates\\lib\\index.js","function":"Object.newLoader [as .js]","line":141,"method":"js]","native":false},{"column":32,"file":"node:internal/modules/cjs/loader","function":"Module.load","line":1037,"method":"load","native":false},{"column":12,"file":"node:internal/modules/cjs/loader","function":"Module._load","line":878,"method":"_load","native":false},{"column":19,"file":"node:internal/modules/cjs/loader","function":"Module.require","line":1061,"method":"require","native":false},{"column":18,"file":"node:internal/modules/cjs/helpers","function":"require","line":103,"method":null,"native":false},{"column":1,"file":"E:\\youir\\awesome-project\\src\\controllers\\/note.controller.js","function":null,"line":2,"method":null,"native":false},{"column":14,"file":"node:internal/modules/cjs/loader","function":"Module._compile","line":1159,"method":"_compile","native":false},{"column":24,"file":"E:\\youir\\awesome-project\\node_modules\\pirates\\lib\\index.js","function":"Module._compile","line":136,"method":"_compile","native":false},{"column":10,"file":"node:internal/modules/cjs/loader","function":"Module._extensions..js","line":1213,"method":".js","native":false},{"column":7,"file":"E:\\youir\\awesome-project\\node_modules\\pirates\\lib\\index.js","function":"Object.newLoader [as .js]","line":141,"method":"js]","native":false},{"column":32,"file":"node:internal/modules/cjs/loader","function":"Module.load","line":1037,"method":"load","native":false},{"column":12,"file":"node:internal/modules/cjs/loader","function":"Module._load","line":878,"method":"_load","native":false},{"column":19,"file":"node:internal/modules/cjs/loader","function":"Module.require","line":1061,"method":"require","native":false},{"column":18,"file":"node:internal/modules/cjs/helpers","function":"require","line":103,"method":null,"native":false},{"column":1,"file":"E:\\youir\\awesome-project\\src\\routes\\/note.route.js","function":null,"line":2,"method":null,"native":false},{"column":14,"file":"node:internal/modules/cjs/loader","function":"Module._compile","line":1159,"method":"_compile","native":false},{"column":24,"file":"E:\\youir\\awesome-project\\node_modules\\pirates\\lib\\index.js","function":"Module._compile","line":136,"method":"_compile","native":false},{"column":10,"file":"node:internal/modules/cjs/loader","function":"Module._extensions..js","line":1213,"method":".js","native":false},{"column":7,"file":"E:\\youir\\awesome-project\\node_modules\\pirates\\lib\\index.js","function":"Object.newLoader [as .js]","line":141,"method":"js]","native":false},{"column":32,"file":"node:internal/modules/cjs/loader","function":"Module.load","line":1037,"method":"load","native":false},{"column":12,"file":"node:internal/modules/cjs/loader","function":"Module._load","line":878,"method":"_load","native":false},{"column":19,"file":"node:internal/modules/cjs/loader","function":"Module.require","line":1061,"method":"require","native":false},{"column":18,"file":"node:internal/modules/cjs/helpers","function":"require","line":103,"method":null,"native":false},{"column":1,"file":"E:\\youir\\awesome-project\\src\\routes\\/index.js","function":null,"line":3,"method":null,"native":false},{"column":14,"file":"node:internal/modules/cjs/loader","function":"Module._compile","line":1159,"method":"_compile","native":false},{"column":24,"file":"E:\\youir\\awesome-project\\node_modules\\pirates\\lib\\index.js","function":"Module._compile","line":136,"method":"_compile","native":false},{"column":10,"file":"node:internal/modules/cjs/loader","function":"Module._extensions..js","line":1213,"method":".js","native":false},{"column":7,"file":"E:\\youir\\awesome-project\\node_modules\\pirates\\lib\\index.js","function":"Object.newLoader [as .js]","line":141,"method":"js]","native":false},{"column":32,"file":"node:internal/modules/cjs/loader","function":"Module.load","line":1037,"method":"load","native":false},{"column":12,"file":"node:internal/modules/cjs/loader","function":"Module._load","line":878,"method":"_load","native":false},{"column":19,"file":"node:internal/modules/cjs/loader","function":"Module.require","line":1061,"method":"require","native":false},{"column":18,"file":"node:internal/modules/cjs/helpers","function":"require","line":103,"method":null,"native":false},{"column":1,"file":"E:\\youir\\awesome-project\\src\\/index.js","function":null,"line":8,"method":null,"native":false},{"column":14,"file":"node:internal/modules/cjs/loader","function":"Module._compile","line":1159,"method":"_compile","native":false},{"column":24,"file":"E:\\youir\\awesome-project\\node_modules\\pirates\\lib\\index.js","function":"Module._compile","line":136,"method":"_compile","native":false},{"column":10,"file":"node:internal/modules/cjs/loader","function":"Module._extensions..js","line":1213,"method":".js","native":false},{"column":7,"file":"E:\\youir\\awesome-project\\node_modules\\pirates\\lib\\index.js","function":"Object.newLoader [as .js]","line":141,"method":"js]","native":false},{"column":32,"file":"node:internal/modules/cjs/loader","function":"Module.load","line":1037,"method":"load","native":false},{"column":12,"file":"node:internal/modules/cjs/loader","function":"Module._load","line":878,"method":"_load","native":false},{"column":12,"file":"node:internal/modules/run_main","function":"Function.runMain","line":81,"method":"runMain","native":false},{"column":12,"file":"E:\\youir\\awesome-project\\node_modules\\@babel\\node\\src\\_babel-node.ts","function":null,"line":223,"method":null,"native":false},{"column":14,"file":"node:internal/modules/cjs/loader","function":"Module._compile","line":1159,"method":"_compile","native":false},{"column":10,"file":"node:internal/modules/cjs/loader","function":"Module._extensions..js","line":1213,"method":".js","native":false},{"column":32,"file":"node:internal/modules/cjs/loader","function":"Module.load","line":1037,"method":"load","native":false},{"column":12,"file":"node:internal/modules/cjs/loader","function":"Module._load","line":878,"method":"_load","native":false},{"column":12,"file":"node:internal/modules/run_main","function":"Function.executeUserEntryPoint [as runMain]","line":81,"method":"executeUserEntryPoint [as runMain]","native":false},{"column":47,"file":"node:internal/main/run_main_module","function":null,"line":23,"method":null,"native":false}]}
error: uncaughtException: _id is not defined
ReferenceError: _id is not defined
    at E:\youir\awesome-project\src\services\/note.service.js:54:26
    at new Promise (<anonymous>)
    at Object.<anonymous> (E:\youir\awesome-project\src\services\/note.service.js:52:22)
    at Module._compile (node:internal/modules/cjs/loader:1159:14)
    at Module._compile (E:\youir\awesome-project\node_modules\pirates\lib\index.js:136:24)
    at Module._extensions..js (node:internal/modules/cjs/loader:1213:10)
    at Object.newLoader [as .js] (E:\youir\awesome-project\node_modules\pirates\lib\index.js:141:7)
    at Module.load (node:internal/modules/cjs/loader:1037:32)
    at Function.Module._load (node:internal/modules/cjs/loader:878:12)
    at Module.require (node:internal/modules/cjs/loader:1061:19)
    at require (node:internal/modules/cjs/helpers:103:18)
    at Object.<anonymous> (E:\youir\awesome-project\src\controllers\/note.controller.js:2:1)
    at Module._compile (node:internal/modules/cjs/loader:1159:14)
    at Module._compile (E:\youir\awesome-project\node_modules\pirates\lib\index.js:136:24)
    at Module._extensions..js (node:internal/modules/cjs/loader:1213:10)
    at Object.newLoader [as .js] (E:\youir\awesome-project\node_modules\pirates\lib\index.js:141:7)
    at Module.load (node:internal/modules/cjs/loader:1037:32)
    at Function.Module._load (node:internal/modules/cjs/loader:878:12)
    at Module.require (node:internal/modules/cjs/loader:1061:19)
    at require (node:internal/modules/cjs/helpers:103:18)
    at Object.<anonymous> (E:\youir\awesome-project\src\routes\/note.route.js:2:1)
    at Module._compile (node:internal/modules/cjs/loader:1159:14)
    at Module._compile (E:\youir\awesome-project\node_modules\pirates\lib\index.js:136:24)
    at Module._extensions..js (node:internal/modules/cjs/loader:1213:10)
    at Object.newLoader [as .js] (E:\youir\awesome-project\node_modules\pirates\lib\index.js:141:7)
    at Module.load (node:internal/modules/cjs/loader:1037:32)
    at Function.Module._load (node:internal/modules/cjs/loader:878:12)
    at Module.require (node:internal/modules/cjs/loader:1061:19)
    at require (node:internal/modules/cjs/helpers:103:18)
    at Object.<anonymous> (E:\youir\awesome-project\src\routes\/index.js:3:1)
    at Module._compile (node:internal/modules/cjs/loader:1159:14)
    at Module._compile (E:\youir\awesome-project\node_modules\pirates\lib\index.js:136:24)
    at Module._extensions..js (node:internal/modules/cjs/loader:1213:10)
    at Object.newLoader [as .js] (E:\youir\awesome-project\node_modules\pirates\lib\index.js:141:7)
    at Module.load (node:internal/modules/cjs/loader:1037:32)
    at Function.Module._load (node:internal/modules/cjs/loader:878:12)
    at Module.require (node:internal/modules/cjs/loader:1061:19)
    at require (node:internal/modules/cjs/helpers:103:18)
    at Object.<anonymous> (E:\youir\awesome-project\src\/index.js:8:1)
    at Module._compile (node:internal/modules/cjs/loader:1159:14)
    at Module._compile (E:\youir\awesome-project\node_modules\pirates\lib\index.js:136:24)
    at Module._extensions..js (node:internal/modules/cjs/loader:1213:10)
    at Object.newLoader [as .js] (E:\youir\awesome-project\node_modules\pirates\lib\index.js:141:7)
    at Module.load (node:internal/modules/cjs/loader:1037:32)
    at Function.Module._load (node:internal/modules/cjs/loader:878:12)
    at Function.runMain (node:internal/modules/run_main:81:12)
    at Object.<anonymous> (E:\youir\awesome-project\node_modules\@babel\node\src\_babel-node.ts:223:12)
    at Module._compile (node:internal/modules/cjs/loader:1159:14)
    at Object.Module._extensions..js (node:internal/modules/cjs/loader:1213:10)
    at Module.load (node:internal/modules/cjs/loader:1037:32)
    at Function.Module._load (node:internal/modules/cjs/loader:878:12)
    at Function.executeUserEntryPoint [as runMain] (node:internal/modules/run_main:81:12)
    at node:internal/main/run_main_module:23:47 {"date":"Wed Feb 01 2023 14:34:47 GMT+0530 (India Standard Time)","error":{},"exception":true,"os":{"loadavg":[0,0,0],"uptime":1794629},"process":{"argv":["node","E:\\youir\\awesome-project\\src\\index.js"],"cwd":"E:\\youir\\awesome-project","execPath":"C:\\Program Files\\nodejs\\node.exe","gid":null,"memoryUsage":{"arrayBuffers":19443363,"external":20963040,"heapTotal":92401664,"heapUsed":61733920,"rss":130727936},"pid":11804,"uid":null,"version":"v18.12.1"},"stack":"ReferenceError: _id is not defined\n    at E:\\youir\\awesome-project\\src\\services\\/note.service.js:54:26\n    at new Promise (<anonymous>)\n    at Object.<anonymous> (E:\\youir\\awesome-project\\src\\services\\/note.service.js:52:22)\n    at Module._compile (node:internal/modules/cjs/loader:1159:14)\n    at Module._compile (E:\\youir\\awesome-project\\node_modules\\pirates\\lib\\index.js:136:24)\n    at Module._extensions..js (node:internal/modules/cjs/loader:1213:10)\n    at Object.newLoader [as .js] (E:\\youir\\awesome-project\\node_modules\\pirates\\lib\\index.js:141:7)\n    at Module.load (node:internal/modules/cjs/loader:1037:32)\n    at Function.Module._load (node:internal/modules/cjs/loader:878:12)\n    at Module.require (node:internal/modules/cjs/loader:1061:19)\n    at require (node:internal/modules/cjs/helpers:103:18)\n    at Object.<anonymous> (E:\\youir\\awesome-project\\src\\controllers\\/note.controller.js:2:1)\n    at Module._compile (node:internal/modules/cjs/loader:1159:14)\n    at Module._compile (E:\\youir\\awesome-project\\node_modules\\pirates\\lib\\index.js:136:24)\n    at Module._extensions..js (node:internal/modules/cjs/loader:1213:10)\n    at Object.newLoader [as .js] (E:\\youir\\awesome-project\\node_modules\\pirates\\lib\\index.js:141:7)\n    at Module.load (node:internal/modules/cjs/loader:1037:32)\n    at Function.Module._load (node:internal/modules/cjs/loader:878:12)\n    at Module.require (node:internal/modules/cjs/loader:1061:19)\n    at require (node:internal/modules/cjs/helpers:103:18)\n    at Object.<anonymous> (E:\\youir\\awesome-project\\src\\routes\\/note.route.js:2:1)\n    at Module._compile (node:internal/modules/cjs/loader:1159:14)\n    at Module._compile (E:\\youir\\awesome-project\\node_modules\\pirates\\lib\\index.js:136:24)\n    at Module._extensions..js (node:internal/modules/cjs/loader:1213:10)\n    at Object.newLoader [as .js] (E:\\youir\\awesome-project\\node_modules\\pirates\\lib\\index.js:141:7)\n    at Module.load (node:internal/modules/cjs/loader:1037:32)\n    at Function.Module._load (node:internal/modules/cjs/loader:878:12)\n    at Module.require (node:internal/modules/cjs/loader:1061:19)\n    at require (node:internal/modules/cjs/helpers:103:18)\n    at Object.<anonymous> (E:\\youir\\awesome-project\\src\\routes\\/index.js:3:1)\n    at Module._compile (node:internal/modules/cjs/loader:1159:14)\n    at Module._compile (E:\\youir\\awesome-project\\node_modules\\pirates\\lib\\index.js:136:24)\n    at Module._extensions..js (node:internal/modules/cjs/loader:1213:10)\n    at Object.newLoader [as .js] (E:\\youir\\awesome-project\\node_modules\\pirates\\lib\\index.js:141:7)\n    at Module.load (node:internal/modules/cjs/loader:1037:32)\n    at Function.Module._load (node:internal/modules/cjs/loader:878:12)\n    at Module.require (node:internal/modules/cjs/loader:1061:19)\n    at require (node:internal/modules/cjs/helpers:103:18)\n    at Object.<anonymous> (E:\\youir\\awesome-project\\src\\/index.js:8:1)\n    at Module._compile (node:internal/modules/cjs/loader:1159:14)\n    at Module._compile (E:\\youir\\awesome-project\\node_modules\\pirates\\lib\\index.js:136:24)\n    at Module._extensions..js (node:internal/modules/cjs/loader:1213:10)\n    at Object.newLoader [as .js] (E:\\youir\\awesome-project\\node_modules\\pirates\\lib\\index.js:141:7)\n    at Module.load (node:internal/modules/cjs/loader:1037:32)\n    at Function.Module._load (node:internal/modules/cjs/loader:878:12)\n    at Function.runMain (node:internal/modules/run_main:81:12)\n    at Object.<anonymous> (E:\\youir\\awesome-project\\node_modules\\@babel\\node\\src\\_babel-node.ts:223:12)\n    at Module._compile (node:internal/modules/cjs/loader:1159:14)\n    at Object.Module._extensions..js (node:internal/modules/cjs/loader:1213:10)\n    at Module.load (node:internal/modules/cjs/loader:1037:32)\n    at Function.Module._load (node:internal/modules/cjs/loader:878:12)\n    at Function.executeUserEntryPoint [as runMain] (node:internal/modules/run_main:81:12)\n    at node:internal/main/run_main_module:23:47","trace":[{"column":26,"file":"E:\\youir\\awesome-project\\src\\services\\/note.service.js","function":null,"line":54,"method":null,"native":false},{"column":null,"file":null,"function":"new Promise","line":null,"method":null,"native":false},{"column":22,"file":"E:\\youir\\awesome-project\\src\\services\\/note.service.js","function":null,"line":52,"method":null,"native":false},{"column":14,"file":"node:internal/modules/cjs/loader","function":"Module._compile","line":1159,"method":"_compile","native":false},{"column":24,"file":"E:\\youir\\awesome-project\\node_modules\\pirates\\lib\\index.js","function":"Module._compile","line":136,"method":"_compile","native":false},{"column":10,"file":"node:internal/modules/cjs/loader","function":"Module._extensions..js","line":1213,"method":".js","native":false},{"column":7,"file":"E:\\youir\\awesome-project\\node_modules\\pirates\\lib\\index.js","function":"Object.newLoader [as .js]","line":141,"method":"js]","native":false},{"column":32,"file":"node:internal/modules/cjs/loader","function":"Module.load","line":1037,"method":"load","native":false},{"column":12,"file":"node:internal/modules/cjs/loader","function":"Module._load","line":878,"method":"_load","native":false},{"column":19,"file":"node:internal/modules/cjs/loader","function":"Module.require","line":1061,"method":"require","native":false},{"column":18,"file":"node:internal/modules/cjs/helpers","function":"require","line":103,"method":null,"native":false},{"column":1,"file":"E:\\youir\\awesome-project\\src\\controllers\\/note.controller.js","function":null,"line":2,"method":null,"native":false},{"column":14,"file":"node:internal/modules/cjs/loader","function":"Module._compile","line":1159,"method":"_compile","native":false},{"column":24,"file":"E:\\youir\\awesome-project\\node_modules\\pirates\\lib\\index.js","function":"Module._compile","line":136,"method":"_compile","native":false},{"column":10,"file":"node:internal/modules/cjs/loader","function":"Module._extensions..js","line":1213,"method":".js","native":false},{"column":7,"file":"E:\\youir\\awesome-project\\node_modules\\pirates\\lib\\index.js","function":"Object.newLoader [as .js]","line":141,"method":"js]","native":false},{"column":32,"file":"node:internal/modules/cjs/loader","function":"Module.load","line":1037,"method":"load","native":false},{"column":12,"file":"node:internal/modules/cjs/loader","function":"Module._load","line":878,"method":"_load","native":false},{"column":19,"file":"node:internal/modules/cjs/loader","function":"Module.require","line":1061,"method":"require","native":false},{"column":18,"file":"node:internal/modules/cjs/helpers","function":"require","line":103,"method":null,"native":false},{"column":1,"file":"E:\\youir\\awesome-project\\src\\routes\\/note.route.js","function":null,"line":2,"method":null,"native":false},{"column":14,"file":"node:internal/modules/cjs/loader","function":"Module._compile","line":1159,"method":"_compile","native":false},{"column":24,"file":"E:\\youir\\awesome-project\\node_modules\\pirates\\lib\\index.js","function":"Module._compile","line":136,"method":"_compile","native":false},{"column":10,"file":"node:internal/modules/cjs/loader","function":"Module._extensions..js","line":1213,"method":".js","native":false},{"column":7,"file":"E:\\youir\\awesome-project\\node_modules\\pirates\\lib\\index.js","function":"Object.newLoader [as .js]","line":141,"method":"js]","native":false},{"column":32,"file":"node:internal/modules/cjs/loader","function":"Module.load","line":1037,"method":"load","native":false},{"column":12,"file":"node:internal/modules/cjs/loader","function":"Module._load","line":878,"method":"_load","native":false},{"column":19,"file":"node:internal/modules/cjs/loader","function":"Module.require","line":1061,"method":"require","native":false},{"column":18,"file":"node:internal/modules/cjs/helpers","function":"require","line":103,"method":null,"native":false},{"column":1,"file":"E:\\youir\\awesome-project\\src\\routes\\/index.js","function":null,"line":3,"method":null,"native":false},{"column":14,"file":"node:internal/modules/cjs/loader","function":"Module._compile","line":1159,"method":"_compile","native":false},{"column":24,"file":"E:\\youir\\awesome-project\\node_modules\\pirates\\lib\\index.js","function":"Module._compile","line":136,"method":"_compile","native":false},{"column":10,"file":"node:internal/modules/cjs/loader","function":"Module._extensions..js","line":1213,"method":".js","native":false},{"column":7,"file":"E:\\youir\\awesome-project\\node_modules\\pirates\\lib\\index.js","function":"Object.newLoader [as .js]","line":141,"method":"js]","native":false},{"column":32,"file":"node:internal/modules/cjs/loader","function":"Module.load","line":1037,"method":"load","native":false},{"column":12,"file":"node:internal/modules/cjs/loader","function":"Module._load","line":878,"method":"_load","native":false},{"column":19,"file":"node:internal/modules/cjs/loader","function":"Module.require","line":1061,"method":"require","native":false},{"column":18,"file":"node:internal/modules/cjs/helpers","function":"require","line":103,"method":null,"native":false},{"column":1,"file":"E:\\youir\\awesome-project\\src\\/index.js","function":null,"line":8,"method":null,"native":false},{"column":14,"file":"node:internal/modules/cjs/loader","function":"Module._compile","line":1159,"method":"_compile","native":false},{"column":24,"file":"E:\\youir\\awesome-project\\node_modules\\pirates\\lib\\index.js","function":"Module._compile","line":136,"method":"_compile","native":false},{"column":10,"file":"node:internal/modules/cjs/loader","function":"Module._extensions..js","line":1213,"method":".js","native":false},{"column":7,"file":"E:\\youir\\awesome-project\\node_modules\\pirates\\lib\\index.js","function":"Object.newLoader [as .js]","line":141,"method":"js]","native":false},{"column":32,"file":"node:internal/modules/cjs/loader","function":"Module.load","line":1037,"method":"load","native":false},{"column":12,"file":"node:internal/modules/cjs/loader","function":"Module._load","line":878,"method":"_load","native":false},{"column":12,"file":"node:internal/modules/run_main","function":"Function.runMain","line":81,"method":"runMain","native":false},{"column":12,"file":"E:\\youir\\awesome-project\\node_modules\\@babel\\node\\src\\_babel-node.ts","function":null,"line":223,"method":null,"native":false},{"column":14,"file":"node:internal/modules/cjs/loader","function":"Module._compile","line":1159,"method":"_compile","native":false},{"column":10,"file":"node:internal/modules/cjs/loader","function":"Module._extensions..js","line":1213,"method":".js","native":false},{"column":32,"file":"node:internal/modules/cjs/loader","function":"Module.load","line":1037,"method":"load","native":false},{"column":12,"file":"node:internal/modules/cjs/loader","function":"Module._load","line":878,"method":"_load","native":false},{"column":12,"file":"node:internal/modules/run_main","function":"Function.executeUserEntryPoint [as runMain]","line":81,"method":"executeUserEntryPoint [as runMain]","native":false},{"column":47,"file":"node:internal/main/run_main_module","function":null,"line":23,"method":null,"native":false}]}
info: ::1 - - [01/Feb/2023:09:24:11 +0000] "GET /api/v1/notes/ HTTP/1.1" 200 352 "-" "PostmanRuntime/7.30.0"

info: ::1 - - [01/Feb/2023:09:25:28 +0000] "PUT /api/v1/notes/trash/63d9ed82148b6656000eb699 HTTP/1.1" 202 321 "-" "PostmanRuntime/7.30.0"

info: ::1 - - [01/Feb/2023:09:25:44 +0000] "GET /api/v1/notes/ HTTP/1.1" 200 65 "-" "PostmanRuntime/7.30.0"

info: ::1 - - [01/Feb/2023:10:52:32 +0000] "GET /api/v1/notes/ HTTP/1.1" 200 65 "-" "PostmanRuntime/7.30.0"

info: ::1 - - [01/Feb/2023:10:54:59 +0000] "POST /api/v1/notes/ HTTP/1.1" 201 281 "-" "PostmanRuntime/7.30.0"

info: ::1 - - [01/Feb/2023:10:55:36 +0000] "POST /api/v1/notes/ HTTP/1.1" 201 286 "-" "PostmanRuntime/7.30.0"

info: ::1 - - [01/Feb/2023:10:56:11 +0000] "POST /api/v1/notes/ HTTP/1.1" 201 283 "-" "PostmanRuntime/7.30.0"

info: ::1 - - [01/Feb/2023:10:56:42 +0000] "POST /api/v1/notes/ HTTP/1.1" 201 282 "-" "PostmanRuntime/7.30.0"

info: ::1 - - [01/Feb/2023:10:57:13 +0000] "POST /api/v1/notes/ HTTP/1.1" 201 279 "-" "PostmanRuntime/7.30.0"

info: ::1 - - [01/Feb/2023:10:57:19 +0000] "GET /api/v1/notes/ HTTP/1.1" 200 1190 "-" "PostmanRuntime/7.30.0"

info: ::1 - - [01/Feb/2023:11:07:20 +0000] "GET /api/v1/notes HTTP/1.1" 200 1190 "-" "PostmanRuntime/7.30.0"

info: ::1 - - [02/Feb/2023:09:30:00 +0000] "POST /api/v1/users/forgetPassword HTTP/1.1" 404 40 "-" "PostmanRuntime/7.30.0"

info: ::1 - - [02/Feb/2023:09:32:11 +0000] "POST /api/v1/users/forgetPassword HTTP/1.1" 404 40 "-" "PostmanRuntime/7.30.0"

info: ::1 - - [02/Feb/2023:09:32:14 +0000] "POST /api/v1/users/forgetPassword HTTP/1.1" 404 40 "-" "PostmanRuntime/7.30.0"

info: ::1 - - [02/Feb/2023:09:41:41 +0000] "POST /api/v1/users/forgetPassword HTTP/1.1" 404 40 "-" "PostmanRuntime/7.30.0"

info: ::1 - - [02/Feb/2023:09:41:46 +0000] "POST /api/v1/users/forgetPassword HTTP/1.1" 404 40 "-" "PostmanRuntime/7.30.0"

info: ::1 - - [02/Feb/2023:09:43:59 +0000] "POST /api/v1/users/forgetPassword HTTP/1.1" 404 40 "-" "PostmanRuntime/7.30.0"

info: ::1 - - [02/Feb/2023:09:44:01 +0000] "POST /api/v1/users/forgetPassword HTTP/1.1" 404 40 "-" "PostmanRuntime/7.30.0"

info: ::1 - - [02/Feb/2023:09:45:49 +0000] "POST /api/v1/users/forgetPassword HTTP/1.1" 404 40 "-" "PostmanRuntime/7.30.0"

info: ::1 - - [02/Feb/2023:09:45:53 +0000] "POST /api/v1/users/forgetPassword HTTP/1.1" 404 40 "-" "PostmanRuntime/7.30.0"

info: ::1 - - [02/Feb/2023:09:53:03 +0000] "POST /api/v1/users/forgetPassword HTTP/1.1" 404 40 "-" "PostmanRuntime/7.30.0"

info: ::1 - - [02/Feb/2023:09:53:06 +0000] "POST /api/v1/users/forgetPassword HTTP/1.1" 404 40 "-" "PostmanRuntime/7.30.0"

info: ::1 - - [02/Feb/2023:09:53:53 +0000] "POST /api/v1/users/forgetPassword HTTP/1.1" 200 569 "-" "PostmanRuntime/7.30.0"

info: ::1 - - [02/Feb/2023:09:58:56 +0000] "POST /api/v1/users/forgetPassword HTTP/1.1" 200 570 "-" "PostmanRuntime/7.30.0"

error: uncaughtException: listen EADDRINUSE: address already in use :::3000
Error: listen EADDRINUSE: address already in use :::3000
    at Server.setupListenHandle [as _listen2] (node:net:1485:16)
    at listenInCluster (node:net:1533:12)
    at Server.listen (node:net:1621:7)
    at Function.listen (E:\youir\FUNDO NOTES\node_modules\express\lib\application.js:635:24)
    at Object.<anonymous> (E:\youir\FUNDO NOTES\src\/index.js:37:5)
    at Module._compile (node:internal/modules/cjs/loader:1159:14)
    at Module._compile (E:\youir\FUNDO NOTES\node_modules\pirates\lib\index.js:136:24)
    at Module._extensions..js (node:internal/modules/cjs/loader:1213:10)
    at Object.newLoader [as .js] (E:\youir\FUNDO NOTES\node_modules\pirates\lib\index.js:141:7)
    at Module.load (node:internal/modules/cjs/loader:1037:32)
    at Function.Module._load (node:internal/modules/cjs/loader:878:12)
    at Function.runMain (node:internal/modules/run_main:81:12)
    at Object.<anonymous> (E:\youir\FUNDO NOTES\node_modules\@babel\node\src\_babel-node.ts:223:12)
    at Module._compile (node:internal/modules/cjs/loader:1159:14)
    at Object.Module._extensions..js (node:internal/modules/cjs/loader:1213:10)
    at Module.load (node:internal/modules/cjs/loader:1037:32) {"date":"Thu Feb 02 2023 15:47:49 GMT+0530 (India Standard Time)","error":{"address":"::","code":"EADDRINUSE","errno":-4091,"port":3000,"syscall":"listen"},"exception":true,"os":{"loadavg":[0,0,0],"uptime":1885412},"process":{"argv":["node","E:\\youir\\FUNDO NOTES\\src\\index.js"],"cwd":"E:\\youir\\FUNDO NOTES","execPath":"C:\\Program Files\\nodejs\\node.exe","gid":null,"memoryUsage":{"arrayBuffers":18743223,"external":21367974,"heapTotal":121368576,"heapUsed":89305592,"rss":165810176},"pid":15920,"uid":null,"version":"v18.12.1"},"stack":"Error: listen EADDRINUSE: address already in use :::3000\n    at Server.setupListenHandle [as _listen2] (node:net:1485:16)\n    at listenInCluster (node:net:1533:12)\n    at Server.listen (node:net:1621:7)\n    at Function.listen (E:\\youir\\FUNDO NOTES\\node_modules\\express\\lib\\application.js:635:24)\n    at Object.<anonymous> (E:\\youir\\FUNDO NOTES\\src\\/index.js:37:5)\n    at Module._compile (node:internal/modules/cjs/loader:1159:14)\n    at Module._compile (E:\\youir\\FUNDO NOTES\\node_modules\\pirates\\lib\\index.js:136:24)\n    at Module._extensions..js (node:internal/modules/cjs/loader:1213:10)\n    at Object.newLoader [as .js] (E:\\youir\\FUNDO NOTES\\node_modules\\pirates\\lib\\index.js:141:7)\n    at Module.load (node:internal/modules/cjs/loader:1037:32)\n    at Function.Module._load (node:internal/modules/cjs/loader:878:12)\n    at Function.runMain (node:internal/modules/run_main:81:12)\n    at Object.<anonymous> (E:\\youir\\FUNDO NOTES\\node_modules\\@babel\\node\\src\\_babel-node.ts:223:12)\n    at Module._compile (node:internal/modules/cjs/loader:1159:14)\n    at Object.Module._extensions..js (node:internal/modules/cjs/loader:1213:10)\n    at Module.load (node:internal/modules/cjs/loader:1037:32)","trace":[{"column":16,"file":"node:net","function":"Server.setupListenHandle [as _listen2]","line":1485,"method":"setupListenHandle [as _listen2]","native":false},{"column":12,"file":"node:net","function":"listenInCluster","line":1533,"method":null,"native":false},{"column":7,"file":"node:net","function":"Server.listen","line":1621,"method":"listen","native":false},{"column":24,"file":"E:\\youir\\FUNDO NOTES\\node_modules\\express\\lib\\application.js","function":"Function.listen","line":635,"method":"listen","native":false},{"column":5,"file":"E:\\youir\\FUNDO NOTES\\src\\/index.js","function":null,"line":37,"method":null,"native":false},{"column":14,"file":"node:internal/modules/cjs/loader","function":"Module._compile","line":1159,"method":"_compile","native":false},{"column":24,"file":"E:\\youir\\FUNDO NOTES\\node_modules\\pirates\\lib\\index.js","function":"Module._compile","line":136,"method":"_compile","native":false},{"column":10,"file":"node:internal/modules/cjs/loader","function":"Module._extensions..js","line":1213,"method":".js","native":false},{"column":7,"file":"E:\\youir\\FUNDO NOTES\\node_modules\\pirates\\lib\\index.js","function":"Object.newLoader [as .js]","line":141,"method":"js]","native":false},{"column":32,"file":"node:internal/modules/cjs/loader","function":"Module.load","line":1037,"method":"load","native":false},{"column":12,"file":"node:internal/modules/cjs/loader","function":"Module._load","line":878,"method":"_load","native":false},{"column":12,"file":"node:internal/modules/run_main","function":"Function.runMain","line":81,"method":"runMain","native":false},{"column":12,"file":"E:\\youir\\FUNDO NOTES\\node_modules\\@babel\\node\\src\\_babel-node.ts","function":null,"line":223,"method":null,"native":false},{"column":14,"file":"node:internal/modules/cjs/loader","function":"Module._compile","line":1159,"method":"_compile","native":false},{"column":10,"file":"node:internal/modules/cjs/loader","function":"Module._extensions..js","line":1213,"method":".js","native":false},{"column":32,"file":"node:internal/modules/cjs/loader","function":"Module.load","line":1037,"method":"load","native":false}]}
info: ::1 - - [02/Feb/2023:10:19:21 +0000] "POST /api/v1/users/forgetPassword HTTP/1.1" 200 569 "-" "PostmanRuntime/7.30.0"

info: ::1 - - [02/Feb/2023:10:24:11 +0000] "POST /api/v1/users/forgetPassword HTTP/1.1" 200 569 "-" "PostmanRuntime/7.30.0"

info: ::1 - - [02/Feb/2023:10:49:07 +0000] "POST /api/v1/users/forgetPassword HTTP/1.1" 200 569 "-" "PostmanRuntime/7.30.0"

info: ::ffff:127.0.0.1 - - [02/Feb/2023:10:59:51 +0000] "GET /undefined HTTP/1.1" 404 47 "-" "Mozilla/5.0 (Windows NT 10.0; Win64; x64; rv:109.0) Gecko/20100101 Firefox/109.0"

info: ::ffff:127.0.0.1 - - [02/Feb/2023:11:00:12 +0000] "GET /eyJhbGciOiJIUzI1NiIsInR5cCI6IkpXVCJ9.eyJlbWFpbCI6Im5hdnlhQGdtYWlsLmNvbSIsImlhdCI6MTY3NTMzNTU3M30.qAExWzDHKp3uYzWgJlNyP-ReDqS0j7_yOyvtme6zkqA HTTP/1.1" 404 47 "-" "Mozilla/5.0 (Windows NT 10.0; Win64; x64; rv:109.0) Gecko/20100101 Firefox/109.0"

info: ::1 - - [02/Feb/2023:11:10:17 +0000] "POST /api/v1/users/resetpassword/eyJhbGciOiJIUzI1NiIsInR5cCI6IkpXVCJ9.eyJlbWFpbCI6IjEyMjIzQG1haWwuY29tIiwiaWF0IjoxNjc1MzM0OTQzfQ.pf2-a7UeEqVolgumCM59UJyjxb1cz0JQHS2g4x0S_YM HTTP/1.1" 500 67 "-" "PostmanRuntime/7.30.0"

info: ::1 - - [02/Feb/2023:11:10:58 +0000] "POST /api/v1/users/resetpassword/eyJhbGciOiJIUzI1NiIsInR5cCI6IkpXVCJ9.eyJlbWFpbCI6IjEyMjIzQG1haWwuY29tIiwiaWF0IjoxNjc1MzM0OTQzfQ.pf2-a7UeEqVolgumCM59UJyjxb1cz0JQHS2g4x0S_YM HTTP/1.1" 200 321 "-" "PostmanRuntime/7.30.0"

info: ::ffff:127.0.0.1 - - [02/Feb/2023:11:15:04 +0000] "GET /eyJhbGciOiJIUzI1NiIsInR5cCI6IkpXVCJ9.eyJlbWFpbCI6ImNoZXRuYUBnbWFpbC5jb20iLCJpYXQiOjE2NzUzMzY0Nzd9.aGksCbXYmg7mqbF3tsrxdHMVOgEmDC4nen0bMDCXjvg HTTP/1.1" 404 47 "-" "Mozilla/5.0 (Windows NT 10.0; Win64; x64; rv:109.0) Gecko/20100101 Firefox/109.0"

info: ::1 - - [02/Feb/2023:18:18:00 +0000] "POST /api/v1/users/resetpassword/eyJhbGciOiJIUzI1NiIsInR5cCI6IkpXVCJ9.eyJlbWFpbCI6IjEyMjIzQG1haWwuY29tIiwiaWF0IjoxNjc1MzM0OTQzfQ.pf2-a7UeEqVolgumCM59UJyjxb1cz0JQHS2g4x0S_YM HTTP/1.1" 200 321 "-" "PostmanRuntime/7.30.0"

info: ::1 - - [03/Feb/2023:02:54:21 +0000] "POST /api/v1/users//UserRegistration HTTP/1.1" 500 53 "-" "PostmanRuntime/7.30.1"

info: ::1 - - [03/Feb/2023:02:56:47 +0000] "POST /api/v1/users//UserRegistration HTTP/1.1" 200 65 "-" "PostmanRuntime/7.30.1"

info: ::1 - - [03/Feb/2023:02:57:17 +0000] "POST /api/v1/users//Userlogin HTTP/1.1" 200 220 "-" "PostmanRuntime/7.30.1"

info: ::1 - - [03/Feb/2023:02:58:21 +0000] "POST /api/v1/users/forgetPassword HTTP/1.1" 200 58 "-" "PostmanRuntime/7.30.1"

info: ::1 - - [03/Feb/2023:03:02:15 +0000] "POST /api/v1/users/forgetPassword HTTP/1.1" 200 58 "-" "PostmanRuntime/7.30.1"

info: ::1 - - [03/Feb/2023:03:04:24 +0000] "POST /api/v1/users/forgetPassword HTTP/1.1" 200 58 "-" "PostmanRuntime/7.30.1"

info: ::1 - - [03/Feb/2023:03:06:23 +0000] "POST /api/v1/users/forgetPassword HTTP/1.1" 200 58 "-" "PostmanRuntime/7.30.1"

info: ::1 - - [03/Feb/2023:03:08:47 +0000] "POST /api/v1/users/forgetPassword HTTP/1.1" 200 58 "-" "PostmanRuntime/7.30.1"

info: ::1 - - [03/Feb/2023:03:14:02 +0000] "POST /api/v1/users/UserRegistration HTTP/1.1" 200 65 "-" "PostmanRuntime/7.30.1"

info: ::1 - - [03/Feb/2023:03:14:26 +0000] "POST /api/v1/users/forgetPassword HTTP/1.1" 200 58 "-" "PostmanRuntime/7.30.1"

info: ::1 - - [03/Feb/2023:03:17:15 +0000] "POST /api/v1/users/forgetPassword HTTP/1.1" 200 58 "-" "PostmanRuntime/7.30.1"

info: ::1 - - [03/Feb/2023:03:20:52 +0000] "POST /api/v1/users/forgetPassword HTTP/1.1" 200 58 "-" "PostmanRuntime/7.30.1"

info: ::1 - - [03/Feb/2023:03:24:16 +0000] "POST /api/v1/users/forgetPassword HTTP/1.1" 200 58 "-" "PostmanRuntime/7.30.1"

info: ::1 - - [03/Feb/2023:03:25:32 +0000] "POST /api/v1/users/forgetPassword HTTP/1.1" 200 58 "-" "PostmanRuntime/7.30.1"

info: ::1 - - [03/Feb/2023:03:27:55 +0000] "POST /api/v1/users/forgetPassword HTTP/1.1" 200 58 "-" "PostmanRuntime/7.30.1"

info: ::1 - - [03/Feb/2023:03:31:02 +0000] "POST /api/v1/users/forgetPassword HTTP/1.1" 200 58 "-" "PostmanRuntime/7.30.1"

info: ::1 - - [03/Feb/2023:03:31:57 +0000] "POST /api/v1/users/forgetPassword HTTP/1.1" 200 58 "-" "PostmanRuntime/7.30.1"

info: ::1 - - [03/Feb/2023:03:43:44 +0000] "POST /api/v1/users/forgetPassword HTTP/1.1" 200 58 "-" "PostmanRuntime/7.30.1"

info: ::1 - - [03/Feb/2023:03:45:45 +0000] "POST /api/v1/users/forgetPassword HTTP/1.1" 200 58 "-" "PostmanRuntime/7.30.1"

info: ::1 - - [03/Feb/2023:03:46:40 +0000] "POST /api/v1/users/forgetPassword HTTP/1.1" 200 58 "-" "PostmanRuntime/7.30.1"

info: ::1 - - [03/Feb/2023:03:47:34 +0000] "POST /api/v1/users/forgetPassword HTTP/1.1" 200 58 "-" "PostmanRuntime/7.30.1"

info: ::1 - - [03/Feb/2023:03:49:14 +0000] "POST /api/v1/users/forgetPassword HTTP/1.1" 200 58 "-" "PostmanRuntime/7.30.1"

info: ::1 - - [03/Feb/2023:03:52:22 +0000] "POST /api/v1/users/forgetPassword HTTP/1.1" 200 58 "-" "PostmanRuntime/7.30.1"

info: ::1 - - [03/Feb/2023:03:53:25 +0000] "POST /api/v1/users/forgetPassword HTTP/1.1" 200 59 "-" "PostmanRuntime/7.30.1"

info: ::1 - - [03/Feb/2023:03:54:49 +0000] "POST /api/v1/users/forgetPassword HTTP/1.1" 200 59 "-" "PostmanRuntime/7.30.1"

info: ::1 - - [03/Feb/2023:03:58:37 +0000] "POST /api/v1/users/forgetPassword HTTP/1.1" 200 48 "-" "PostmanRuntime/7.30.1"

info: ::1 - - [03/Feb/2023:09:03:46 +0000] "POST /api/v1/users/ HTTP/1.1" 200 65 "-" "PostmanRuntime/7.30.1"

info: ::1 - - [03/Feb/2023:09:07:52 +0000] "POST /api/v1/users/forgetPassword HTTP/1.1" 200 48 "-" "PostmanRuntime/7.30.1"

info: ::1 - - [03/Feb/2023:09:09:24 +0000] "POST /api/v1/users/forgetPassword HTTP/1.1" 200 48 "-" "PostmanRuntime/7.30.1"

info: ::1 - - [03/Feb/2023:09:13:38 +0000] "POST /api/v1/users/forgetPassword HTTP/1.1" 200 48 "-" "PostmanRuntime/7.30.1"

info: ::1 - - [03/Feb/2023:09:15:22 +0000] "POST /api/v1/users/forgetPassword HTTP/1.1" 404 40 "-" "PostmanRuntime/7.30.1"

info: ::1 - - [03/Feb/2023:09:15:26 +0000] "POST /api/v1/users/forgetPassword HTTP/1.1" 404 40 "-" "PostmanRuntime/7.30.1"

info: ::1 - - [03/Feb/2023:09:15:45 +0000] "POST /api/v1/users/forgetPassword HTTP/1.1" 404 40 "-" "PostmanRuntime/7.30.1"

info: ::1 - - [03/Feb/2023:09:18:41 +0000] "POST /api/v1/users/forgetPassword HTTP/1.1" 404 40 "-" "PostmanRuntime/7.30.1"

info: ::1 - - [03/Feb/2023:09:20:03 +0000] "POST /api/v1/users/forgetPassword HTTP/1.1" 404 40 "-" "PostmanRuntime/7.30.1"

info: ::1 - - [03/Feb/2023:09:21:36 +0000] "POST /api/v1/users/Userlogin HTTP/1.1" 200 234 "-" "PostmanRuntime/7.30.1"

info: ::1 - - [03/Feb/2023:09:22:16 +0000] "POST /api/v1/users/forgetPassword HTTP/1.1" 404 40 "-" "PostmanRuntime/7.30.1"

info: ::1 - - [03/Feb/2023:09:25:24 +0000] "POST /api/v1/users/forgetPassword HTTP/1.1" 404 40 "-" "PostmanRuntime/7.30.1"

info: ::1 - - [03/Feb/2023:09:25:50 +0000] "POST /api/v1/users/forgetPassword HTTP/1.1" 404 40 "-" "PostmanRuntime/7.30.1"

info: ::1 - - [03/Feb/2023:09:26:07 +0000] "POST /api/v1/users/forgetPassword HTTP/1.1" 404 40 "-" "PostmanRuntime/7.30.1"

info: ::1 - - [03/Feb/2023:09:37:14 +0000] "POST /api/v1/users/forgetPassword HTTP/1.1" 200 58 "-" "PostmanRuntime/7.30.1"

info: ::1 - - [03/Feb/2023:09:39:40 +0000] "POST /api/v1/users/forgetPassword HTTP/1.1" 200 58 "-" "PostmanRuntime/7.30.1"

info: ::1 - - [03/Feb/2023:09:42:56 +0000] "POST /api/v1/users/forgetPassword HTTP/1.1" 200 58 "-" "PostmanRuntime/7.30.1"

info: ::1 - - [03/Feb/2023:09:51:32 +0000] "POST /api/v1/users/forgetPassword HTTP/1.1" 200 58 "-" "PostmanRuntime/7.30.1"

info: ::1 - - [03/Feb/2023:09:52:54 +0000] "POST /api/v1/users/forgetPassword HTTP/1.1" 200 58 "-" "PostmanRuntime/7.30.1"

info: ::1 - - [03/Feb/2023:10:02:37 +0000] "POST /api/v1/users/forgetPassword HTTP/1.1" 200 58 "-" "PostmanRuntime/7.30.1"

info: ::1 - - [03/Feb/2023:10:12:36 +0000] "POST /api/v1/users/forgetPassword HTTP/1.1" 200 58 "-" "PostmanRuntime/7.30.1"

info: ::1 - - [03/Feb/2023:10:19:52 +0000] "POST /api/v1/users/forgetPassword HTTP/1.1" 200 58 "-" "PostmanRuntime/7.30.1"

info: ::1 - - [03/Feb/2023:10:21:12 +0000] "POST /api/v1/users/forgetPassword HTTP/1.1" 200 58 "-" "PostmanRuntime/7.30.1"

info: ::1 - - [03/Feb/2023:10:23:01 +0000] "POST /api/v1/users/forgetPassword HTTP/1.1" 200 58 "-" "PostmanRuntime/7.30.1"

info: ::1 - - [03/Feb/2023:10:25:30 +0000] "POST /api/v1/users/forgetPassword HTTP/1.1" 200 58 "-" "PostmanRuntime/7.30.1"

info: ::1 - - [03/Feb/2023:10:35:54 +0000] "POST /api/v1/users/forgetPassword HTTP/1.1" 200 58 "-" "PostmanRuntime/7.30.1"

info: ::1 - - [03/Feb/2023:10:36:31 +0000] "POST /api/v1/users/forgetPassword HTTP/1.1" 404 40 "-" "PostmanRuntime/7.30.1"

info: ::1 - - [03/Feb/2023:10:36:38 +0000] "POST /api/v1/users/forgetPassword HTTP/1.1" 200 58 "-" "PostmanRuntime/7.30.1"

info: ::1 - - [03/Feb/2023:10:37:02 +0000] "POST /api/v1/users/forgetPassword HTTP/1.1" 200 58 "-" "PostmanRuntime/7.30.1"

info: ::1 - - [03/Feb/2023:10:45:37 +0000] "POST /api/v1/users/forgetPassword HTTP/1.1" 200 58 "-" "PostmanRuntime/7.30.1"

info: ::1 - - [03/Feb/2023:10:45:46 +0000] "POST /api/v1/users/forgetPassword HTTP/1.1" 200 58 "-" "PostmanRuntime/7.30.1"

info: ::1 - - [03/Feb/2023:10:54:13 +0000] "POST /api/v1/users/forgetPassword HTTP/1.1" 200 579 "-" "PostmanRuntime/7.30.1"

info: ::1 - - [03/Feb/2023:10:57:07 +0000] "POST /api/v1/users/forgetPassword HTTP/1.1" 200 580 "-" "PostmanRuntime/7.30.1"

info: ::1 - - [03/Feb/2023:10:58:39 +0000] "GET /eyJhbGciOiJIUzI1NiIsInR5cCI6IkpXVCJ9.eyJlbWFpbCI6ImhpbWFuc2h1Ym9yc2UtY21wbkBhdGhhcnZhY29lLmFjLmluIiwiaWF0IjoxNjc1NDIxNjQ4fQ.-KuSCIXB2XufPWTAVL4imbkWO7hIAlaK-pG5gEOrfYw HTTP/1.1" 404 47 "-" "Mozilla/5.0 (Windows NT 10.0; Win64; x64) AppleWebKit/537.36 (KHTML, like Gecko) Chrome/109.0.0.0 Safari/537.36 Edg/109.0.1518.70"

info: ::1 - - [03/Feb/2023:10:58:39 +0000] "GET /favicon.ico HTTP/1.1" 404 47 "-" "Mozilla/5.0 (Windows NT 10.0; Win64; x64) AppleWebKit/537.36 (KHTML, like Gecko) Chrome/109.0.0.0 Safari/537.36 Edg/109.0.1518.70"

info: ::1 - - [03/Feb/2023:11:09:41 +0000] "POST /api/v1/users/forgetPassword HTTP/1.1" 200 580 "-" "PostmanRuntime/7.30.1"

info: ::1 - - [03/Feb/2023:11:11:02 +0000] "GET /eyJhbGciOiJIUzI1NiIsInR5cCI6IkpXVCJ9.eyJlbWFpbCI6ImhpbWFuc2h1Ym9yc2UtY21wbkBhdGhhcnZhY29lLmFjLmluIiwiaWF0IjoxNjc1NDIyNTc2fQ.iWvvwseSH5pMI-ZOvQ5X2rZ2uIK_AYq43Z4_-k8h17E HTTP/1.1" 404 47 "-" "Mozilla/5.0 (Windows NT 10.0; Win64; x64) AppleWebKit/537.36 (KHTML, like Gecko) Chrome/109.0.0.0 Safari/537.36 Edg/109.0.1518.70"

info: ::1 - - [03/Feb/2023:11:12:14 +0000] "POST /api/v1/users/resetpassword/eyJhbGciOiJIUzI1NiIsInR5cCI6IkpXVCJ9.eyJlbWFpbCI6ImhpbWFuc2h1Ym9yc2UtY21wbkBhdGhhcnZhY29lLmFjLmluIiwiaWF0IjoxNjc1NDIyNTc2fQ.iWvvwseSH5pMI-ZOvQ5X2rZ2uIK_AYq43Z4_-k8h17E HTTP/1.1" 200 342 "-" "PostmanRuntime/7.30.1"

info: ::1 - - [03/Feb/2023:11:23:51 +0000] "POST /api/v1/users/forgetPassword HTTP/1.1" 200 58 "-" "PostmanRuntime/7.30.1"

info: ::1 - - [03/Feb/2023:11:24:55 +0000] "POST /api/v1/users/forgetPassword HTTP/1.1" 200 580 "-" "PostmanRuntime/7.30.1"

